<?xml version="1.0" encoding="UTF-8"?>
<robot generator="Robot 7.3.2 (Python 3.13.5 on win32)" generated="2026-02-17T22:31:16.268013" rpa="false" schemaversion="5">
<suite id="s1" name="Blacklist Test" source="C:\Users\ROG\Documents\Dev\SE\Sprint\test\blacklist_test.robot">
<kw name="Setup Admin Session" type="SETUP">
<kw name="Create Session" owner="RequestsLibrary">
<msg time="2026-02-17T22:31:16.409882" level="INFO">Creating Session using : alias=admin_api, url=http://localhost:3000, headers={},                     cookies={}, auth=None, timeout=None, proxies=None, verify=False,                     debug=0 </msg>
<arg>${SESSION_ALIAS}</arg>
<arg>${BASE_URL}</arg>
<arg>disable_warnings=1</arg>
<doc>Create Session: create a HTTP session to a server</doc>
<status status="PASS" start="2026-02-17T22:31:16.409374" elapsed="0.000717"/>
</kw>
<kw name="Create Dictionary" owner="BuiltIn">
<msg time="2026-02-17T22:31:16.410565" level="INFO">${login_payload} = {'username': 'admin123', 'password': '123456789'}</msg>
<var>${login_payload}</var>
<arg>username=${ADMIN_USER}</arg>
<arg>password=${ADMIN_PASS}</arg>
<doc>Creates and returns a dictionary based on the given ``items``.</doc>
<status status="PASS" start="2026-02-17T22:31:16.410230" elapsed="0.000363"/>
</kw>
<kw name="POST On Session" owner="RequestsLibrary">
<msg time="2026-02-17T22:31:16.497225" level="INFO">POST Request : url=http://localhost:3000/api/auth/login 
 path_url=/api/auth/login 
 headers={'User-Agent': 'python-requests/2.32.5', 'Accept-Encoding': 'gzip, deflate', 'Accept': '*/*', 'Connection': 'keep-alive', 'Content-Length': '49', 'Content-Type': 'application/json'} 
 body=b'{"username": "admin123", "password": "123456789"}' 
 </msg>
<msg time="2026-02-17T22:31:16.497546" level="INFO">POST Response : url=http://localhost:3000/api/auth/login 
 status=200, reason=OK 
 headers={'Content-Security-Policy': "default-src 'self';base-uri 'self';font-src 'self' https: data:;form-action 'self';frame-ancestors 'self';img-src 'self' data:;object-src 'none';script-src 'self';script-src-attr 'none';style-src 'self' https: 'unsafe-inline';upgrade-insecure-requests", 'Cross-Origin-Opener-Policy': 'same-origin', 'Cross-Origin-Resource-Policy': 'same-origin', 'Origin-Agent-Cluster': '?1', 'Referrer-Policy': 'no-referrer', 'Strict-Transport-Security': 'max-age=15552000; includeSubDomains', 'X-Content-Type-Options': 'nosniff', 'X-DNS-Prefetch-Control': 'off', 'X-Download-Options': 'noopen', 'X-Frame-Options': 'SAMEORIGIN', 'X-Permitted-Cross-Domain-Policies': 'none', 'X-XSS-Protection': '0', 'Vary': 'Origin', 'Access-Control-Allow-Credentials': 'true', 'X-Request-ID': '8a8ff5f2-a7c2-4ab5-9ae3-1a7fa84228f4', 'Content-Type': 'application/json; charset=utf-8', 'Content-Length': '444', 'ETag': 'W/"1bc-ruTR5PURimMJDiUe4ugYVchjjAw"', 'Date': 'Tue, 17 Feb 2026 15:31:16 GMT', 'Connection': 'keep-alive', 'Keep-Alive': 'timeout=5'} 
 body={"success":true,"message":"Login successful","data":{"token":"eyJhbGciOiJIUzI1NiIsInR5cCI6IkpXVCJ9.eyJzdWIiOiJjbWxxNnd2eTQwMDAwbDV2dmR5NTQ1MW96Iiwicm9sZSI6IkFETUlOIiwiaWF0IjoxNzcxMzQyMjc2LCJleHAiOjE3NzEzNDU4NzZ9.TCVYiiUMdecPPeVZTLs9VFVbSDM_3s2rfv_pyIzjWCU","user":{"id":"cmlq6wvy40000l5vvdy5451oz","firstName":"System","lastName":"Administrator","profilePicture":null,"role":"ADMIN","passengerSuspendedUntil":null,"driverSuspendedUntil":null}}} 
 </msg>
<msg time="2026-02-17T22:31:16.497859" level="INFO">${resp} = &lt;Response [200]&gt;</msg>
<var>${resp}</var>
<arg>${SESSION_ALIAS}</arg>
<arg>url=/api/auth/login</arg>
<arg>json=${login_payload}</arg>
<arg>expected_status=anything</arg>
<doc>Sends a POST request on a previously created HTTP Session.</doc>
<status status="PASS" start="2026-02-17T22:31:16.410681" elapsed="0.087246"/>
</kw>
<kw name="Should Be Equal As Integers" owner="BuiltIn">
<msg time="2026-02-17T22:31:16.499483" level="INFO">Argument types are:
&lt;class 'int'&gt;
&lt;class 'str'&gt;</msg>
<arg>${resp.status_code}</arg>
<arg>200</arg>
<doc>Fails if objects are unequal after converting them to integers.</doc>
<status status="PASS" start="2026-02-17T22:31:16.498439" elapsed="0.001173"/>
</kw>
<kw name="Set Variable" owner="BuiltIn">
<msg time="2026-02-17T22:31:16.500571" level="INFO">${token} = eyJhbGciOiJIUzI1NiIsInR5cCI6IkpXVCJ9.eyJzdWIiOiJjbWxxNnd2eTQwMDAwbDV2dmR5NTQ1MW96Iiwicm9sZSI6IkFETUlOIiwiaWF0IjoxNzcxMzQyMjc2LCJleHAiOjE3NzEzNDU4NzZ9.TCVYiiUMdecPPeVZTLs9VFVbSDM_3s2rfv_pyIzjWCU</msg>
<var>${token}</var>
<arg>${resp.json()['data']['token']}</arg>
<doc>Returns the given values which can then be assigned to a variables.</doc>
<status status="PASS" start="2026-02-17T22:31:16.499859" elapsed="0.000752"/>
</kw>
<kw name="Should Not Be Empty" owner="BuiltIn">
<msg time="2026-02-17T22:31:16.500829" level="INFO">Length is 193.</msg>
<arg>${token}</arg>
<doc>Verifies that the given item is not empty.</doc>
<status status="PASS" start="2026-02-17T22:31:16.500716" elapsed="0.000150"/>
</kw>
<kw name="Create Dictionary" owner="BuiltIn">
<msg time="2026-02-17T22:31:16.501482" level="INFO">${auth_header} = {'Authorization': 'Bearer eyJhbGciOiJIUzI1NiIsInR5cCI6IkpXVCJ9.eyJzdWIiOiJjbWxxNnd2eTQwMDAwbDV2dmR5NTQ1MW96Iiwicm9sZSI6IkFETUlOIiwiaWF0IjoxNzcxMzQyMjc2LCJleHAiOjE3NzEzNDU4NzZ9.TCVYiiUMdecPPeVZTLs9VFVb...</msg>
<var>${auth_header}</var>
<arg>Authorization=Bearer ${token}</arg>
<doc>Creates and returns a dictionary based on the given ``items``.</doc>
<status status="PASS" start="2026-02-17T22:31:16.501038" elapsed="0.000494"/>
</kw>
<kw name="Update Session" owner="RequestsLibrary">
<arg>${SESSION_ALIAS}</arg>
<arg>headers=${auth_header}</arg>
<doc>Updates HTTP Session Headers and Cookies.</doc>
<status status="PASS" start="2026-02-17T22:31:16.501680" elapsed="0.000585"/>
</kw>
<status status="PASS" start="2026-02-17T22:31:16.408946" elapsed="0.093454"/>
</kw>
<test id="s1-t1" name="Complete Blacklist Lifecycle Workflow" line="15">
<kw name="Evaluate" owner="BuiltIn">
<msg time="2026-02-17T22:31:16.503357" level="INFO">${suspend_days} = 7</msg>
<var>${suspend_days}</var>
<arg>7</arg>
<doc>Evaluates the given expression in Python and returns the result.</doc>
<status status="PASS" start="2026-02-17T22:31:16.503129" elapsed="0.000254"/>
</kw>
<kw name="Create Dictionary" owner="BuiltIn">
<msg time="2026-02-17T22:31:16.504065" level="INFO">${body} = {'userId': 'cmlqa1n7g008wl5vv6x8gh58q', 'type': 'PASSENGER', 'reason': 'Test', 'suspendDays': 7}</msg>
<var>${body}</var>
<arg>userId=${TARGET_USER_ID}</arg>
<arg>type=PASSENGER</arg>
<arg>reason=Test</arg>
<arg>suspendDays=${suspend_days}</arg>
<doc>Creates and returns a dictionary based on the given ``items``.</doc>
<status status="PASS" start="2026-02-17T22:31:16.503601" elapsed="0.000492"/>
</kw>
<kw name="POST On Session" owner="RequestsLibrary">
<msg time="2026-02-17T22:31:16.529903" level="INFO">POST Request : url=http://localhost:3000/api/blacklists/admin 
 path_url=/api/blacklists/admin 
 headers={'User-Agent': 'python-requests/2.32.5', 'Accept-Encoding': 'gzip, deflate', 'Accept': '*/*', 'Connection': 'keep-alive', 'Authorization': 'Bearer eyJhbGciOiJIUzI1NiIsInR5cCI6IkpXVCJ9.eyJzdWIiOiJjbWxxNnd2eTQwMDAwbDV2dmR5NTQ1MW96Iiwicm9sZSI6IkFETUlOIiwiaWF0IjoxNzcxMzQyMjc2LCJleHAiOjE3NzEzNDU4NzZ9.TCVYiiUMdecPPeVZTLs9VFVbSDM_3s2rfv_pyIzjWCU', 'Content-Length': '96', 'Content-Type': 'application/json'} 
 body=b'{"userId": "cmlqa1n7g008wl5vv6x8gh58q", "type": "PASSENGER", "reason": "Test", "suspendDays": 7}' 
 </msg>
<msg time="2026-02-17T22:31:16.530469" level="INFO">POST Response : url=http://localhost:3000/api/blacklists/admin 
 status=201, reason=Created 
 headers={'Content-Security-Policy': "default-src 'self';base-uri 'self';font-src 'self' https: data:;form-action 'self';frame-ancestors 'self';img-src 'self' data:;object-src 'none';script-src 'self';script-src-attr 'none';style-src 'self' https: 'unsafe-inline';upgrade-insecure-requests", 'Cross-Origin-Opener-Policy': 'same-origin', 'Cross-Origin-Resource-Policy': 'same-origin', 'Origin-Agent-Cluster': '?1', 'Referrer-Policy': 'no-referrer', 'Strict-Transport-Security': 'max-age=15552000; includeSubDomains', 'X-Content-Type-Options': 'nosniff', 'X-DNS-Prefetch-Control': 'off', 'X-Download-Options': 'noopen', 'X-Frame-Options': 'SAMEORIGIN', 'X-Permitted-Cross-Domain-Policies': 'none', 'X-XSS-Protection': '0', 'Vary': 'Origin', 'Access-Control-Allow-Credentials': 'true', 'X-Request-ID': '09a29c84-b07b-4236-8af1-928a3929b5e7', 'Content-Type': 'application/json; charset=utf-8', 'Content-Length': '335', 'ETag': 'W/"14f-Twn1fa+m313UYpGVkYtoEm7nbJY"', 'Date': 'Tue, 17 Feb 2026 15:31:16 GMT', 'Connection': 'keep-alive', 'Keep-Alive': 'timeout=5'} 
 body={"message":"Blacklist created successfully","data":{"id":"cmlqrgfxp01hyvjmzkqgcm7rb","userId":"cmlqa1n7g008wl5vv6x8gh58q","type":"PASSENGER","reason":"Test","status":"ACTIVE","suspendedUntil":null,"createdById":"cmlq6wvy40000l5vvdy5451oz","createdAt":"2026-02-17T15:31:16.525Z","liftedAt":"2026-02-24T15:31:16.522Z","liftedById":null}} 
 </msg>
<msg time="2026-02-17T22:31:16.531244" level="INFO">${resp_create} = &lt;Response [201]&gt;</msg>
<var>${resp_create}</var>
<arg>${SESSION_ALIAS}</arg>
<arg>url=/api/blacklists/admin</arg>
<arg>json=${body}</arg>
<arg>expected_status=anything</arg>
<doc>Sends a POST request on a previously created HTTP Session.</doc>
<status status="PASS" start="2026-02-17T22:31:16.504317" elapsed="0.027007"/>
</kw>
<kw name="Should Be Equal As Integers" owner="BuiltIn">
<msg time="2026-02-17T22:31:16.532916" level="INFO">Argument types are:
&lt;class 'int'&gt;
&lt;class 'str'&gt;</msg>
<arg>${resp_create.status_code}</arg>
<arg>201</arg>
<doc>Fails if objects are unequal after converting them to integers.</doc>
<status status="PASS" start="2026-02-17T22:31:16.532000" elapsed="0.001012"/>
</kw>
<kw name="Get Blacklist Id From Response">
<kw name="Run Keyword If" owner="BuiltIn">
<arg>'id' in ${json}</arg>
<arg>Return From Keyword</arg>
<arg>${json['id']}</arg>
<doc>Runs the given keyword with the given arguments, if ``condition`` is true.</doc>
<status status="PASS" start="2026-02-17T22:31:16.534929" elapsed="0.000416"/>
</kw>
<kw name="Run Keyword If" owner="BuiltIn">
<kw name="Return From Keyword" owner="BuiltIn">
<msg time="2026-02-17T22:31:16.537239" level="INFO">Returning from the enclosing user keyword.</msg>
<arg>${json['data']['id']}</arg>
<doc>Returns from the enclosing user keyword.</doc>
<status status="PASS" start="2026-02-17T22:31:16.537104" elapsed="0.000286"/>
</kw>
<arg>'data' in ${json} and 'id' in ${json['data']}</arg>
<arg>Return From Keyword</arg>
<arg>${json['data']['id']}</arg>
<doc>Runs the given keyword with the given arguments, if ``condition`` is true.</doc>
<status status="PASS" start="2026-02-17T22:31:16.535643" elapsed="0.001857"/>
</kw>
<kw name="Run Keyword If" owner="BuiltIn">
<arg>'data' in ${json} and 'blacklist' in ${json['data']} and 'id' in ${json['data']['blacklist']}</arg>
<arg>Return From Keyword</arg>
<arg>${json['data']['blacklist']['id']}</arg>
<doc>Runs the given keyword with the given arguments, if ``condition`` is true.</doc>
<status status="NOT RUN" start="2026-02-17T22:31:16.537718" elapsed="0.000036"/>
</kw>
<kw name="Fail" owner="BuiltIn">
<arg>Cannot find blacklist id in response: ${json}</arg>
<doc>Fails the test with the given message and optionally alters its tags.</doc>
<status status="NOT RUN" start="2026-02-17T22:31:16.538015" elapsed="0.000061"/>
</kw>
<msg time="2026-02-17T22:31:16.541015" level="INFO">${created_id} = cmlqrgfxp01hyvjmzkqgcm7rb</msg>
<var>${created_id}</var>
<arg>${resp_create.json()}</arg>
<status status="PASS" start="2026-02-17T22:31:16.533677" elapsed="0.007618"/>
</kw>
<kw name="Set Suite Variable" owner="BuiltIn">
<msg time="2026-02-17T22:31:16.544277" level="INFO">${CREATED_BLACKLIST_ID} = cmlqrgfxp01hyvjmzkqgcm7rb</msg>
<arg>${CREATED_BLACKLIST_ID}</arg>
<arg>${created_id}</arg>
<doc>Makes a variable available everywhere within the scope of the current suite.</doc>
<status status="PASS" start="2026-02-17T22:31:16.542010" elapsed="0.002509"/>
</kw>
<kw name="GET On Session" owner="RequestsLibrary">
<msg time="2026-02-17T22:31:16.588450" level="INFO">GET Request : url=http://localhost:3000/api/blacklists/admin 
 path_url=/api/blacklists/admin 
 headers={'User-Agent': 'python-requests/2.32.5', 'Accept-Encoding': 'gzip, deflate', 'Accept': '*/*', 'Connection': 'keep-alive', 'Authorization': 'Bearer eyJhbGciOiJIUzI1NiIsInR5cCI6IkpXVCJ9.eyJzdWIiOiJjbWxxNnd2eTQwMDAwbDV2dmR5NTQ1MW96Iiwicm9sZSI6IkFETUlOIiwiaWF0IjoxNzcxMzQyMjc2LCJleHAiOjE3NzEzNDU4NzZ9.TCVYiiUMdecPPeVZTLs9VFVbSDM_3s2rfv_pyIzjWCU'} 
 body=None 
 </msg>
<msg time="2026-02-17T22:31:16.588890" level="INFO">GET Response : url=http://localhost:3000/api/blacklists/admin 
 status=200, reason=OK 
 headers={'Content-Security-Policy': "default-src 'self';base-uri 'self';font-src 'self' https: data:;form-action 'self';frame-ancestors 'self';img-src 'self' data:;object-src 'none';script-src 'self';script-src-attr 'none';style-src 'self' https: 'unsafe-inline';upgrade-insecure-requests", 'Cross-Origin-Opener-Policy': 'same-origin', 'Cross-Origin-Resource-Policy': 'same-origin', 'Origin-Agent-Cluster': '?1', 'Referrer-Policy': 'no-referrer', 'Strict-Transport-Security': 'max-age=15552000; includeSubDomains', 'X-Content-Type-Options': 'nosniff', 'X-DNS-Prefetch-Control': 'off', 'X-Download-Options': 'noopen', 'X-Frame-Options': 'SAMEORIGIN', 'X-Permitted-Cross-Domain-Policies': 'none', 'X-XSS-Protection': '0', 'Vary': 'Origin', 'Access-Control-Allow-Credentials': 'true', 'X-Request-ID': 'c4c352a7-856e-46f4-8fc4-094334370df9', 'Content-Type': 'application/json; charset=utf-8', 'Content-Length': '27607', 'ETag': 'W/"6bd7-nxlp6txTJde7wAR96rK71UDWf4A"', 'Date': 'Tue, 17 Feb 2026 15:31:16 GMT', 'Connection': 'keep-alive', 'Keep-Alive': 'timeout=5'} 
 body=[{"id":"cmlqrgfxp01hyvjmzkqgcm7rb","userId":"cmlqa1n7g008wl5vv6x8gh58q","type":"PASSENGER","reason":"Test","status":"ACTIVE","suspendedUntil":null,"createdById":"cmlq6wvy40000l5vvdy5451oz","createdAt":"2026-02-17T15:31:16.525Z","liftedAt":"2026-02-24T15:31:16.522Z","liftedById":null,"user":{"id":"cmlqa1n7g008wl5vv6x8gh58q","username":"Test1234","email":"werwrwe@gmail.com","password":"$2b$10$yCy9s9hzLkSH8avh3Gmva.vn2ktcjt4AF4E2GedR6nREPGUL/qke.","firstName":"efsef","lastName":"sefsefsef","gender":"MALE","phoneNumber":"0956207433","profilePicture":null,"nationalIdNumber":"1444444444441","nationalIdPhotoUrl":"https://res.cloudinary.com/dvz4oxinb/image/upload/v1771313029/painamnae/national_ids/i9dap1iq3pnjxfmuront.png","nationalIdExpiryDate":"2572-09-20T00:00:00.000Z","selfiePhotoUrl":"https://res.cloudinary.com/dvz4oxinb/image/upload/v1771313030/painamnae/selfies/hfg0qrh1g7vmftenjpdy.png","role":"PASSENGER","isVerified":false,"isActive":false,"otpCode":null,"lastLogin":null,"createdAt":"2026-02-17T07:23:52.636Z","updatedAt":"2026-02-17T15:31:16.533Z","passengerSuspendedUntil":null,"driverSuspendedUntil":null},"evidences":[]},{"id":"cmlqrfjnm01hpvjmzlbnmm6na","userId":"cmlqa1n7g008wl5vv6x8gh58q","type":"PASSENGER","reason":"Test","status":"ACTIVE","suspendedUntil":null,"createdById":"cmlq6wvy40000l5vvdy5451oz","createdAt":"2026-02-17T15:30:34.691Z","liftedAt":"2026-02-24T15:30:34.688Z","liftedById":null,"user":{"id":"cmlqa1n7g008wl5vv6x8gh58q","username":"Test1234","email":"werwrwe@gmail.com","password":"$2b$10$yCy9s9hzLkSH8avh3Gmva.vn2ktcjt4AF4E2GedR6nREPGUL/qke.","firstName":"efsef","lastName":"sefsefsef","gender":"MALE","phoneNumber":"0956207433","profilePicture":null,"nationalIdNumber":"1444444444441","nationalIdPhotoUrl":"https://res.cloudinary.com/dvz4oxinb/image/upload/v1771313029/painamnae/national_ids/i9dap1iq3pnjxfmuront.png","nationalIdExpiryDate":"2572-09-20T00:00:00.000Z","selfiePhotoUrl":"https://res.cloudinary.com/dvz4oxinb/image/upload/v1771313030/painamnae/selfies/hfg0qrh1g7vmftenjpdy.png","role":"PASSENGER","isVerified":false,"isActive":false,"otpCode":null,"lastLogin":null,"createdAt":"2026-02-17T07:23:52.636Z","updatedAt":"2026-02-17T15:31:16.533Z","passengerSuspendedUntil":null,"driverSuspendedUntil":null},"evidences":[]},{"id":"cmlqrff1h01hfvjmzaycfiwtj","userId":"cmlqa1n7g008wl5vv6x8gh58q","type":"PASSENGER","reason":"Test","status":"ACTIVE","suspendedUntil":null,"createdById":"cmlq6wvy40000l5vvdy5451oz","createdAt":"2026-02-17T15:30:28.710Z","liftedAt":"2026-02-24T15:30:28.707Z","liftedById":null,"user":{"id":"cmlqa1n7g008wl5vv6x8gh58q","username":"Test1234","email":"werwrwe@gmail.com","password":"$2b$10$yCy9s9hzLkSH8avh3Gmva.vn2ktcjt4AF4E2GedR6nREPGUL/qke.","firstName":"efsef","lastName":"sefsefsef","gender":"MALE","phoneNumber":"0956207433","profilePicture":null,"nationalIdNumber":"1444444444441","nationalIdPhotoUrl":"https://res.cloudinary.com/dvz4oxinb/image/upload/v1771313029/painamnae/national_ids/i9dap1iq3pnjxfmuront.png","nationalIdExpiryDate":"2572-09-20T00:00:00.000Z","selfiePhotoUrl":"https://res.cloudinary.com/dvz4oxinb/image/upload/v1771313030/painamnae/selfies/hfg0qrh1g7vmftenjpdy.png","role":"PASSENGER","isVerified":false,"isActive":false,"otpCode":null,"lastLogin":null,"createdAt":"2026-02-17T07:23:52.636Z","updatedAt":"2026-02-17T15:31:16.533Z","passengerSuspendedUntil":null,"driverSuspendedUntil":null},"evidences":[]},{"id":"cmlqrc41n01gzvjmzb60ac87t","userId":"cmlqa1n7g008wl5vv6x8gh58q","type":"PASSENGER","reason":"Test","status":"ACTIVE","suspendedUntil":null,"createdById":"cmlq6wvy40000l5vvdy5451oz","createdAt":"2026-02-17T15:27:54.491Z","liftedAt":"2026-02-24T15:27:54.490Z","liftedById":null,"user":{"id":"cmlqa1n7g008wl5vv6x8gh58q","username":"Test1234","email":"werwrwe@gmail.com","password":"$2b$10$yCy9s9hzLkSH8avh3Gmva.vn2ktcjt4AF4E2GedR6nREPGUL/qke.","firstName":"efsef","lastName":"sefsefsef","gender":"MALE","phoneNumber":"0956207433","profilePicture":null,"nationalIdNumber":"1444444444441","nationalIdPhotoUrl":"https://res.cloudinary.com/dvz4oxinb/image/upload/v1771313029/painamnae/national_ids/i9dap1iq3pnjxfmuront.png","nationalIdExpiryDate":"2572-09-20T00:00:00.000Z","selfiePhotoUrl":"https://res.cloudinary.com/dvz4oxinb/image/upload/v1771313030/painamnae/selfies/hfg0qrh1g7vmftenjpdy.png","role":"PASSENGER","isVerified":false,"isActive":false,"otpCode":null,"lastLogin":null,"createdAt":"2026-02-17T07:23:52.636Z","updatedAt":"2026-02-17T15:31:16.533Z","passengerSuspendedUntil":null,"driverSuspendedUntil":null},"evidences":[]},{"id":"cmlqph2rj0193vjmz0iejthyj","userId":"cmlqa1n7g008wl5vv6x8gh58q","type":"PASSENGER","reason":"test","status":"ACTIVE","suspendedUntil":null,"createdById":"cmlq6wvy40000l5vvdy5451oz","createdAt":"2026-02-17T14:35:46.879Z","liftedAt":"2026-02-22T14:35:46.876Z","liftedById":null,"user":{"id":"cmlqa1n7g008wl5vv6x8gh58q","username":"Test1234","email":"werwrwe@gmail.com","password":"$2b$10$yCy9s9hzLkSH8avh3Gmva.vn2ktcjt4AF4E2GedR6nREPGUL/qke.","firstName":"efsef","lastName":"sefsefsef","gender":"MALE","phoneNumber":"0956207433","profilePicture":null,"nationalIdNumber":"1444444444441","nationalIdPhotoUrl":"https://res.cloudinary.com/dvz4oxinb/image/upload/v1771313029/painamnae/national_ids/i9dap1iq3pnjxfmuront.png","nationalIdExpiryDate":"2572-09-20T00:00:00.000Z","selfiePhotoUrl":"https://res.cloudinary.com/dvz4oxinb/image/upload/v1771313030/painamnae/selfies/hfg0qrh1g7vmftenjpdy.png","role":"PASSENGER","isVerified":false,"isActive":false,"otpCode":null,"lastLogin":null,"createdAt":"2026-02-17T07:23:52.636Z","updatedAt":"2026-02-17T15:31:16.533Z","passengerSuspendedUntil":null,"driverSuspendedUntil":null},"evidences":[]},{"id":"cmlqpgvl2018gvjmzpb8xaqk2","userId":"cmlqa1n7g008wl5vv6x8gh58q","type":"PASSENGER","reason":"test","status":"ACTIVE","suspendedUntil":null,"createdById":"cmlq6wvy40000l5vvdy5451oz","createdAt":"2026-02-17T14:35:37.575Z","liftedAt":"2026-02-22T14:35:37.572Z","liftedById":null,"user":{"id":"cmlqa1n7g008wl5vv6x8gh58q","username":"Test1234","email":"werwrwe@gmail.com","password":"$2b$10$yCy9s9hzLkSH8avh3Gmva.vn2ktcjt4AF4E2GedR6nREPGUL/qke.","firstName":"efsef","lastName":"sefsefsef","gender":"MALE","phoneNumber":"0956207433","profilePicture":null,"nationalIdNumber":"1444444444441","nationalIdPhotoUrl":"https://res.cloudinary.com/dvz4oxinb/image/upload/v1771313029/painamnae/national_ids/i9dap1iq3pnjxfmuront.png","nationalIdExpiryDate":"2572-09-20T00:00:00.000Z","selfiePhotoUrl":"https://res.cloudinary.com/dvz4oxinb/image/upload/v1771313030/painamnae/selfies/hfg0qrh1g7vmftenjpdy.png","role":"PASSENGER","isVerified":false,"isActive":false,"otpCode":null,"lastLogin":null,"createdAt":"2026-02-17T07:23:52.636Z","updatedAt":"2026-02-17T15:31:16.533Z","passengerSuspendedUntil":null,"driverSuspendedUntil":null},"evidences":[]},{"id":"cmlqp1zvg00u1vjmzqab2ds3z","userId":"cmlqa1n7g008wl5vv6x8gh58q","type":"PASSENGER","reason":"test","status":"ACTIVE","suspendedUntil":null,"createdById":"cmlq6wvy40000l5vvdy5451oz","createdAt":"2026-02-17T14:24:03.293Z","liftedAt":"2026-02-22T14:24:03.291Z","liftedById":null,"user":{"id":"cmlqa1n7g008wl5vv6x8gh58q","username":"Test1234","email":"werwrwe@gmail.com","password":"$2b$10$yCy9s9hzLkSH8avh3Gmva.vn2ktcjt4AF4E2GedR6nREPGUL/qke.","firstName":"efsef","lastName":"sefsefsef","gender":"MALE","phoneNumber":"0956207433","profilePicture":null,"nationalIdNumber":"1444444444441","nationalIdPhotoUrl":"https://res.cloudinary.com/dvz4oxinb/image/upload/v1771313029/painamnae/national_ids/i9dap1iq3pnjxfmuront.png","nationalIdExpiryDate":"2572-09-20T00:00:00.000Z","selfiePhotoUrl":"https://res.cloudinary.com/dvz4oxinb/image/upload/v1771313030/painamnae/selfies/hfg0qrh1g7vmftenjpdy.png","role":"PASSENGER","isVerified":false,"isActive":false,"otpCode":null,"lastLogin":null,"createdAt":"2026-02-17T07:23:52.636Z","updatedAt":"2026-02-17T15:31:16.533Z","passengerSuspendedUntil":null,"driverSuspendedUntil":null},"evidences":[]},{"id":"cmlqp1se100tevjmz1pqlgaaq","userId":"cmlqa1n7g008wl5vv6x8gh58q","type":"PASSENGER","reason":"test","status":"ACTIVE","suspendedUntil":null,"createdById":"cmlq6wvy40000l5vvdy5451oz","createdAt":"2026-02-17T14:23:53.593Z","liftedAt":"2026-02-22T14:23:53.591Z","liftedById":null,"user":{"id":"cmlqa1n7g008wl5vv6x8gh58q","username":"Test1234","email":"werwrwe@gmail.com","password":"$2b$10$yCy9s9hzLkSH8avh3Gmva.vn2ktcjt4AF4E2GedR6nREPGUL/qke.","firstName":"efsef","lastName":"sefsefsef","gender":"MALE","phoneNumber":"0956207433","profilePicture":null,"nationalIdNumber":"1444444444441","nationalIdPhotoUrl":"https://res.cloudinary.com/dvz4oxinb/image/upload/v1771313029/painamnae/national_ids/i9dap1iq3pnjxfmuront.png","nationalIdExpiryDate":"2572-09-20T00:00:00.000Z","selfiePhotoUrl":"https://res.cloudinary.com/dvz4oxinb/image/upload/v1771313030/painamnae/selfies/hfg0qrh1g7vmftenjpdy.png","role":"PASSENGER","isVerified":false,"isActive":false,"otpCode":null,"lastLogin":null,"createdAt":"2026-02-17T07:23:52.636Z","updatedAt":"2026-02-17T15:31:16.533Z","passengerSuspendedUntil":null,"driverSuspendedUntil":null},"evidences":[]},{"id":"cmlqokdu800gpvjmziv1uuqyb","userId":"cmlqa1n7g008wl5vv6x8gh58q","type":"PASSENGER","reason":"test","status":"ACTIVE","suspendedUntil":null,"createdById":"cmlq6wvy40000l5vvdy5451oz","createdAt":"2026-02-17T14:10:21.584Z","liftedAt":"2026-02-22T14:10:21.581Z","liftedById":null,"user":{"id":"cmlqa1n7g008wl5vv6x8gh58q","username":"Test1234","email":"werwrwe@gmail.com","password":"$2b$10$yCy9s9hzLkSH8avh3Gmva.vn2ktcjt4AF4E2GedR6nREPGUL/qke.","firstName":"efsef","lastName":"sefsefsef","gender":"MALE","phoneNumber":"0956207433","profilePicture":null,"nationalIdNumber":"1444444444441","nationalIdPhotoUrl":"https://res.cloudinary.com/dvz4oxinb/image/upload/v1771313029/painamnae/national_ids/i9dap1iq3pnjxfmuront.png","nationalIdExpiryDate":"2572-09-20T00:00:00.000Z","selfiePhotoUrl":"https://res.cloudinary.com/dvz4oxinb/image/upload/v1771313030/painamnae/selfies/hfg0qrh1g7vmfte... (set the log level to DEBUG or TRACE to see the full content) 
 </msg>
<msg time="2026-02-17T22:31:16.590154" level="INFO">${resp_all} = &lt;Response [200]&gt;</msg>
<var>${resp_all}</var>
<arg>${SESSION_ALIAS}</arg>
<arg>url=/api/blacklists/admin</arg>
<arg>expected_status=anything</arg>
<doc>Sends a GET request on a previously created HTTP Session.</doc>
<status status="PASS" start="2026-02-17T22:31:16.545797" elapsed="0.044458"/>
</kw>
<kw name="Should Be Equal As Integers" owner="BuiltIn">
<msg time="2026-02-17T22:31:16.592736" level="INFO">Argument types are:
&lt;class 'int'&gt;
&lt;class 'str'&gt;</msg>
<arg>${resp_all.status_code}</arg>
<arg>200</arg>
<doc>Fails if objects are unequal after converting them to integers.</doc>
<status status="PASS" start="2026-02-17T22:31:16.591144" elapsed="0.002134"/>
</kw>
<kw name="Evaluate" owner="BuiltIn">
<msg time="2026-02-17T22:31:16.595858" level="INFO">${all_ids} = ['cmlqrgfxp01hyvjmzkqgcm7rb', 'cmlqrfjnm01hpvjmzlbnmm6na', 'cmlqrff1h01hfvjmzaycfiwtj', 'cmlqrc41n01gzvjmzb60ac87t', 'cmlqph2rj0193vjmz0iejthyj', 'cmlqpgvl2018gvjmzpb8xaqk2', 'cmlqp1zvg00u1vjmzqab2ds3...</msg>
<var>${all_ids}</var>
<arg>[item['id'] for item in $resp_all.json()]</arg>
<doc>Evaluates the given expression in Python and returns the result.</doc>
<status status="PASS" start="2026-02-17T22:31:16.594217" elapsed="0.001790"/>
</kw>
<kw name="List Should Contain Value" owner="Collections">
<arg>${all_ids}</arg>
<arg>${CREATED_BLACKLIST_ID}</arg>
<doc>Fails if the ``value`` is not found from ``list``.</doc>
<status status="PASS" start="2026-02-17T22:31:16.597291" elapsed="0.001056"/>
</kw>
<kw name="GET On Session" owner="RequestsLibrary">
<msg time="2026-02-17T22:31:16.622692" level="INFO">GET Request : url=http://localhost:3000/api/blacklists/admin/cmlqrgfxp01hyvjmzkqgcm7rb 
 path_url=/api/blacklists/admin/cmlqrgfxp01hyvjmzkqgcm7rb 
 headers={'User-Agent': 'python-requests/2.32.5', 'Accept-Encoding': 'gzip, deflate', 'Accept': '*/*', 'Connection': 'keep-alive', 'Authorization': 'Bearer eyJhbGciOiJIUzI1NiIsInR5cCI6IkpXVCJ9.eyJzdWIiOiJjbWxxNnd2eTQwMDAwbDV2dmR5NTQ1MW96Iiwicm9sZSI6IkFETUlOIiwiaWF0IjoxNzcxMzQyMjc2LCJleHAiOjE3NzEzNDU4NzZ9.TCVYiiUMdecPPeVZTLs9VFVbSDM_3s2rfv_pyIzjWCU'} 
 body=None 
 </msg>
<msg time="2026-02-17T22:31:16.623014" level="INFO">GET Response : url=http://localhost:3000/api/blacklists/admin/cmlqrgfxp01hyvjmzkqgcm7rb 
 status=200, reason=OK 
 headers={'Content-Security-Policy': "default-src 'self';base-uri 'self';font-src 'self' https: data:;form-action 'self';frame-ancestors 'self';img-src 'self' data:;object-src 'none';script-src 'self';script-src-attr 'none';style-src 'self' https: 'unsafe-inline';upgrade-insecure-requests", 'Cross-Origin-Opener-Policy': 'same-origin', 'Cross-Origin-Resource-Policy': 'same-origin', 'Origin-Agent-Cluster': '?1', 'Referrer-Policy': 'no-referrer', 'Strict-Transport-Security': 'max-age=15552000; includeSubDomains', 'X-Content-Type-Options': 'nosniff', 'X-DNS-Prefetch-Control': 'off', 'X-Download-Options': 'noopen', 'X-Frame-Options': 'SAMEORIGIN', 'X-Permitted-Cross-Domain-Policies': 'none', 'X-XSS-Protection': '0', 'Vary': 'Origin', 'Access-Control-Allow-Credentials': 'true', 'X-Request-ID': '5c52c5d0-cd52-4853-9b92-9cfdf6d3b51d', 'Content-Type': 'application/json; charset=utf-8', 'Content-Length': '1138', 'ETag': 'W/"472-e7oRkpGDjhnsPk7+2cBs4D73Gt4"', 'Date': 'Tue, 17 Feb 2026 15:31:16 GMT', 'Connection': 'keep-alive', 'Keep-Alive': 'timeout=5'} 
 body={"id":"cmlqrgfxp01hyvjmzkqgcm7rb","userId":"cmlqa1n7g008wl5vv6x8gh58q","type":"PASSENGER","reason":"Test","status":"ACTIVE","suspendedUntil":null,"createdById":"cmlq6wvy40000l5vvdy5451oz","createdAt":"2026-02-17T15:31:16.525Z","liftedAt":"2026-02-24T15:31:16.522Z","liftedById":null,"user":{"id":"cmlqa1n7g008wl5vv6x8gh58q","username":"Test1234","email":"werwrwe@gmail.com","password":"$2b$10$yCy9s9hzLkSH8avh3Gmva.vn2ktcjt4AF4E2GedR6nREPGUL/qke.","firstName":"efsef","lastName":"sefsefsef","gender":"MALE","phoneNumber":"0956207433","profilePicture":null,"nationalIdNumber":"1444444444441","nationalIdPhotoUrl":"https://res.cloudinary.com/dvz4oxinb/image/upload/v1771313029/painamnae/national_ids/i9dap1iq3pnjxfmuront.png","nationalIdExpiryDate":"2572-09-20T00:00:00.000Z","selfiePhotoUrl":"https://res.cloudinary.com/dvz4oxinb/image/upload/v1771313030/painamnae/selfies/hfg0qrh1g7vmftenjpdy.png","role":"PASSENGER","isVerified":false,"isActive":false,"otpCode":null,"lastLogin":null,"createdAt":"2026-02-17T07:23:52.636Z","updatedAt":"2026-02-17T15:31:16.533Z","passengerSuspendedUntil":null,"driverSuspendedUntil":null},"evidences":[]} 
 </msg>
<msg time="2026-02-17T22:31:16.623522" level="INFO">${resp_one} = &lt;Response [200]&gt;</msg>
<var>${resp_one}</var>
<arg>${SESSION_ALIAS}</arg>
<arg>url=/api/blacklists/admin/${CREATED_BLACKLIST_ID}</arg>
<arg>expected_status=anything</arg>
<doc>Sends a GET request on a previously created HTTP Session.</doc>
<status status="PASS" start="2026-02-17T22:31:16.599381" elapsed="0.024236"/>
</kw>
<kw name="Should Be Equal As Integers" owner="BuiltIn">
<msg time="2026-02-17T22:31:16.625425" level="INFO">Argument types are:
&lt;class 'int'&gt;
&lt;class 'str'&gt;</msg>
<arg>${resp_one.status_code}</arg>
<arg>200</arg>
<doc>Fails if objects are unequal after converting them to integers.</doc>
<status status="PASS" start="2026-02-17T22:31:16.624432" elapsed="0.001078"/>
</kw>
<kw name="Should Be Equal As Strings" owner="BuiltIn">
<arg>${resp_one.json()['userId']}</arg>
<arg>${TARGET_USER_ID}</arg>
<doc>Fails if objects are unequal after converting them to strings.</doc>
<status status="PASS" start="2026-02-17T22:31:16.625835" elapsed="0.002140"/>
</kw>
<kw name="PATCH On Session" owner="RequestsLibrary">
<msg time="2026-02-17T22:31:16.656385" level="INFO">PATCH Request : url=http://localhost:3000/api/blacklists/admin/cmlqrgfxp01hyvjmzkqgcm7rb/lift 
 path_url=/api/blacklists/admin/cmlqrgfxp01hyvjmzkqgcm7rb/lift 
 headers={'User-Agent': 'python-requests/2.32.5', 'Accept-Encoding': 'gzip, deflate', 'Accept': '*/*', 'Connection': 'keep-alive', 'Authorization': 'Bearer eyJhbGciOiJIUzI1NiIsInR5cCI6IkpXVCJ9.eyJzdWIiOiJjbWxxNnd2eTQwMDAwbDV2dmR5NTQ1MW96Iiwicm9sZSI6IkFETUlOIiwiaWF0IjoxNzcxMzQyMjc2LCJleHAiOjE3NzEzNDU4NzZ9.TCVYiiUMdecPPeVZTLs9VFVbSDM_3s2rfv_pyIzjWCU', 'Content-Length': '0'} 
 body=None 
 </msg>
<msg time="2026-02-17T22:31:16.656812" level="INFO">PATCH Response : url=http://localhost:3000/api/blacklists/admin/cmlqrgfxp01hyvjmzkqgcm7rb/lift 
 status=200, reason=OK 
 headers={'Content-Security-Policy': "default-src 'self';base-uri 'self';font-src 'self' https: data:;form-action 'self';frame-ancestors 'self';img-src 'self' data:;object-src 'none';script-src 'self';script-src-attr 'none';style-src 'self' https: 'unsafe-inline';upgrade-insecure-requests", 'Cross-Origin-Opener-Policy': 'same-origin', 'Cross-Origin-Resource-Policy': 'same-origin', 'Origin-Agent-Cluster': '?1', 'Referrer-Policy': 'no-referrer', 'Strict-Transport-Security': 'max-age=15552000; includeSubDomains', 'X-Content-Type-Options': 'nosniff', 'X-DNS-Prefetch-Control': 'off', 'X-Download-Options': 'noopen', 'X-Frame-Options': 'SAMEORIGIN', 'X-Permitted-Cross-Domain-Policies': 'none', 'X-XSS-Protection': '0', 'Vary': 'Origin', 'Access-Control-Allow-Credentials': 'true', 'X-Request-ID': '6dd0e529-2128-4569-aa76-a0875764eeb4', 'Content-Type': 'application/json; charset=utf-8', 'Content-Length': '306', 'ETag': 'W/"132-dX8PxRClLjzWCnjaNZrm/yeb8rM"', 'Date': 'Tue, 17 Feb 2026 15:31:16 GMT', 'Connection': 'keep-alive', 'Keep-Alive': 'timeout=5'} 
 body={"id":"cmlqrgfxp01hyvjmzkqgcm7rb","userId":"cmlqa1n7g008wl5vv6x8gh58q","type":"PASSENGER","reason":"Test","status":"LIFTED","suspendedUntil":null,"createdById":"cmlq6wvy40000l5vvdy5451oz","createdAt":"2026-02-17T15:31:16.525Z","liftedAt":"2026-02-17T15:31:16.649Z","liftedById":"cmlq6wvy40000l5vvdy5451oz"} 
 </msg>
<msg time="2026-02-17T22:31:16.657277" level="INFO">${resp_lift} = &lt;Response [200]&gt;</msg>
<var>${resp_lift}</var>
<arg>${SESSION_ALIAS}</arg>
<arg>url=/api/blacklists/admin/${CREATED_BLACKLIST_ID}/lift</arg>
<arg>expected_status=anything</arg>
<doc>Sends a PATCH request on a previously created HTTP Session.</doc>
<status status="PASS" start="2026-02-17T22:31:16.628635" elapsed="0.028706"/>
</kw>
<kw name="Should Be Equal As Integers" owner="BuiltIn">
<msg time="2026-02-17T22:31:16.660882" level="INFO">Argument types are:
&lt;class 'int'&gt;
&lt;class 'str'&gt;</msg>
<arg>${resp_lift.status_code}</arg>
<arg>200</arg>
<doc>Fails if objects are unequal after converting them to integers.</doc>
<status status="PASS" start="2026-02-17T22:31:16.658838" elapsed="0.002231"/>
</kw>
<kw name="Create Dictionary" owner="BuiltIn">
<msg time="2026-02-17T22:31:16.662151" level="INFO">${evidence_body} = {'type': 'IMAGE', 'url': 'https://www.youtube.com/watch?v=dQw4w9WgXcQ'}</msg>
<var>${evidence_body}</var>
<arg>type=IMAGE</arg>
<arg>url=https://www.youtube.com/watch?v=dQw4w9WgXcQ</arg>
<doc>Creates and returns a dictionary based on the given ``items``.</doc>
<status status="PASS" start="2026-02-17T22:31:16.661755" elapsed="0.000448"/>
</kw>
<kw name="POST On Session" owner="RequestsLibrary">
<msg time="2026-02-17T22:31:16.720729" level="INFO">POST Request : url=http://localhost:3000/api/blacklists/admin/cmlqrgfxp01hyvjmzkqgcm7rb/evidence 
 path_url=/api/blacklists/admin/cmlqrgfxp01hyvjmzkqgcm7rb/evidence 
 headers={'User-Agent': 'python-requests/2.32.5', 'Accept-Encoding': 'gzip, deflate', 'Accept': '*/*', 'Connection': 'keep-alive', 'Authorization': 'Bearer eyJhbGciOiJIUzI1NiIsInR5cCI6IkpXVCJ9.eyJzdWIiOiJjbWxxNnd2eTQwMDAwbDV2dmR5NTQ1MW96Iiwicm9sZSI6IkFETUlOIiwiaWF0IjoxNzcxMzQyMjc2LCJleHAiOjE3NzEzNDU4NzZ9.TCVYiiUMdecPPeVZTLs9VFVbSDM_3s2rfv_pyIzjWCU', 'Content-Length': '71', 'Content-Type': 'application/json'} 
 body=b'{"type": "IMAGE", "url": "https://www.youtube.com/watch?v=dQw4w9WgXcQ"}' 
 </msg>
<msg time="2026-02-17T22:31:16.720837" level="INFO">POST Response : url=http://localhost:3000/api/blacklists/admin/cmlqrgfxp01hyvjmzkqgcm7rb/evidence 
 status=201, reason=Created 
 headers={'Content-Security-Policy': "default-src 'self';base-uri 'self';font-src 'self' https: data:;form-action 'self';frame-ancestors 'self';img-src 'self' data:;object-src 'none';script-src 'self';script-src-attr 'none';style-src 'self' https: 'unsafe-inline';upgrade-insecure-requests", 'Cross-Origin-Opener-Policy': 'same-origin', 'Cross-Origin-Resource-Policy': 'same-origin', 'Origin-Agent-Cluster': '?1', 'Referrer-Policy': 'no-referrer', 'Strict-Transport-Security': 'max-age=15552000; includeSubDomains', 'X-Content-Type-Options': 'nosniff', 'X-DNS-Prefetch-Control': 'off', 'X-Download-Options': 'noopen', 'X-Frame-Options': 'SAMEORIGIN', 'X-Permitted-Cross-Domain-Policies': 'none', 'X-XSS-Protection': '0', 'Vary': 'Origin', 'Access-Control-Allow-Credentials': 'true', 'X-Request-ID': '18eb6ebf-1d3f-4009-9a9e-df2fad0b04c6', 'Content-Type': 'application/json; charset=utf-8', 'Content-Length': '225', 'ETag': 'W/"e1-Mncbbt10PjfW4fQobsrNo57bUHA"', 'Date': 'Tue, 17 Feb 2026 15:31:16 GMT', 'Connection': 'keep-alive', 'Keep-Alive': 'timeout=5'} 
 body={"id":"cmlqrgg3a01i6vjmzgou0mr94","blacklistId":"cmlqrgfxp01hyvjmzkqgcm7rb","type":"IMAGE","url":"https://www.youtube.com/watch?v=dQw4w9WgXcQ","uploadedById":"cmlq6wvy40000l5vvdy5451oz","createdAt":"2026-02-17T15:31:16.726Z"} 
 </msg>
<msg time="2026-02-17T22:31:16.720993" level="INFO">${resp_evidence} = &lt;Response [201]&gt;</msg>
<var>${resp_evidence}</var>
<arg>${SESSION_ALIAS}</arg>
<arg>url=/api/blacklists/admin/${CREATED_BLACKLIST_ID}/evidence</arg>
<arg>json=${evidence_body}</arg>
<arg>expected_status=anything</arg>
<doc>Sends a POST request on a previously created HTTP Session.</doc>
<status status="PASS" start="2026-02-17T22:31:16.662617" elapsed="0.058399"/>
</kw>
<kw name="Should Be Equal As Integers" owner="BuiltIn">
<msg time="2026-02-17T22:31:16.722228" level="INFO">Argument types are:
&lt;class 'int'&gt;
&lt;class 'str'&gt;</msg>
<arg>${resp_evidence.status_code}</arg>
<arg>201</arg>
<doc>Fails if objects are unequal after converting them to integers.</doc>
<status status="PASS" start="2026-02-17T22:31:16.721482" elapsed="0.000933"/>
</kw>
<doc>Create -&gt; Get All -&gt; Get By ID -&gt; Lift -&gt; Add Evidence</doc>
<status status="PASS" start="2026-02-17T22:31:16.502510" elapsed="0.220372"/>
</test>
<status status="PASS" start="2026-02-17T22:31:16.269565" elapsed="0.454514"/>
</suite>
<statistics>
<total>
<stat pass="1" fail="0" skip="0">All Tests</stat>
</total>
<tag>
</tag>
<suite>
<stat name="Blacklist Test" id="s1" pass="1" fail="0" skip="0">Blacklist Test</stat>
</suite>
</statistics>
<errors>
</errors>
</robot>
