<?xml version="1.0" encoding="UTF-8"?>
<robot generator="Robot 7.3.2 (Python 3.13.5 on win32)" generated="2026-02-17T22:51:16.879254" rpa="false" schemaversion="5">
<suite id="s1" name="Access Log Test" source="C:\Users\ROG\Documents\Dev\SE\Sprint\test\API Test\access_log_test\access_log_test.robot">
<kw name="Connect To Database" owner="DatabaseLibrary" type="SETUP">
<msg time="2026-02-17T22:51:17.157370" level="INFO">Looking for configuration file: 'resources\db.cfg'</msg>
<msg time="2026-02-17T22:51:17.157523" level="INFO">Configuration file doesn't exist</msg>
<msg time="2026-02-17T22:51:17.171219" level="INFO">Connect to DB using : psycopg2.connect(database='pnnapp_db', user='pnnapp_user', password=***, host='127.0.0.1', port=5433)</msg>
<arg>psycopg2</arg>
<arg>pnnapp_db</arg>
<arg>pnnapp_user</arg>
<arg>1234</arg>
<arg>127.0.0.1</arg>
<arg>5433</arg>
<doc>Creates a database connection using the DB API 2.0 ``db_module`` and the parameters provided.
Along with listed commonly used arguments (`db_name`, `db_host` etc.)
you can set any other DB module specific parameters as key/value pairs.</doc>
<status status="PASS" start="2026-02-17T22:51:17.157110" elapsed="0.045676"/>
</kw>
<test id="s1-t1" name="1. Verify AccessLog Created After Login" line="19">
<kw name="Create Session" owner="RequestsLibrary">
<msg time="2026-02-17T22:51:17.204220" level="INFO">Creating Session using : alias=api_session, url=http://localhost:3000/api, headers={},                     cookies={}, auth=None, timeout=None, proxies=None, verify=False,                     debug=0 </msg>
<arg>api_session</arg>
<arg>${BASE_URL}</arg>
<doc>Create Session: create a HTTP session to a server</doc>
<status status="PASS" start="2026-02-17T22:51:17.203877" elapsed="0.000649"/>
</kw>
<kw name="Create Dictionary" owner="BuiltIn">
<msg time="2026-02-17T22:51:17.205434" level="INFO">${login_payload} = {'username': 'pLoomN', 'password': '12345678aP'}</msg>
<var>${login_payload}</var>
<arg>username=${PASSENGER_USER}</arg>
<arg>password=${COMMON_PASSWORD}</arg>
<doc>Creates and returns a dictionary based on the given ``items``.</doc>
<status status="PASS" start="2026-02-17T22:51:17.204779" elapsed="0.000685"/>
</kw>
<kw name="POST On Session" owner="RequestsLibrary">
<msg time="2026-02-17T22:51:17.313876" level="INFO">POST Request : url=http://localhost:3000/api/auth/login 
 path_url=/api/auth/login 
 headers={'User-Agent': 'python-requests/2.32.5', 'Accept-Encoding': 'gzip, deflate', 'Accept': '*/*', 'Connection': 'keep-alive', 'Content-Length': '48', 'Content-Type': 'application/json'} 
 body=b'{"username": "pLoomN", "password": "12345678aP"}' 
 </msg>
<msg time="2026-02-17T22:51:17.314485" level="INFO">POST Response : url=http://localhost:3000/api/auth/login 
 status=200, reason=OK 
 headers={'Content-Security-Policy': "default-src 'self';base-uri 'self';font-src 'self' https: data:;form-action 'self';frame-ancestors 'self';img-src 'self' data:;object-src 'none';script-src 'self';script-src-attr 'none';style-src 'self' https: 'unsafe-inline';upgrade-insecure-requests", 'Cross-Origin-Opener-Policy': 'same-origin', 'Cross-Origin-Resource-Policy': 'same-origin', 'Origin-Agent-Cluster': '?1', 'Referrer-Policy': 'no-referrer', 'Strict-Transport-Security': 'max-age=15552000; includeSubDomains', 'X-Content-Type-Options': 'nosniff', 'X-DNS-Prefetch-Control': 'off', 'X-Download-Options': 'noopen', 'X-Frame-Options': 'SAMEORIGIN', 'X-Permitted-Cross-Domain-Policies': 'none', 'X-XSS-Protection': '0', 'Vary': 'Origin', 'Access-Control-Allow-Credentials': 'true', 'X-Request-ID': '68d20f14-3f22-478c-be00-3430f7ce7a87', 'Content-Type': 'application/json; charset=utf-8', 'Content-Length': '453', 'ETag': 'W/"1c5-oQZoqIdbPwylsB73pHRjSxbPUnM"', 'Date': 'Tue, 17 Feb 2026 15:51:17 GMT', 'Connection': 'keep-alive', 'Keep-Alive': 'timeout=5'} 
 body={"success":true,"message":"Login successful","data":{"token":"eyJhbGciOiJIUzI1NiIsInR5cCI6IkpXVCJ9.eyJzdWIiOiJjbWxxNnh1dG4wMDAxbDV2dnpnM2htNm54Iiwicm9sZSI6IlBBU1NFTkdFUiIsImlhdCI6MTc3MTM0MzQ3NywiZXhwIjoxNzcxMzQ3MDc3fQ.7FQFKcGhLQHw6HM9OOkqCxl7YVP_SjP4d43871aLD8g","user":{"id":"cmlq6xutn0001l5vvzg3hm6nx","firstName":"sefsefsef","lastName":"sefsefsef","profilePicture":null,"role":"PASSENGER","passengerSuspendedUntil":null,"driverSuspendedUntil":null}}} 
 </msg>
<msg time="2026-02-17T22:51:17.315042" level="INFO">${resp} = &lt;Response [200]&gt;</msg>
<var>${resp}</var>
<arg>api_session</arg>
<arg>url=/auth/login</arg>
<arg>json=${login_payload}</arg>
<doc>Sends a POST request on a previously created HTTP Session.</doc>
<status status="PASS" start="2026-02-17T22:51:17.205697" elapsed="0.109428"/>
</kw>
<kw name="Should Be Equal As Integers" owner="BuiltIn">
<msg time="2026-02-17T22:51:17.318385" level="INFO">Argument types are:
&lt;class 'int'&gt;
&lt;class 'str'&gt;</msg>
<arg>${resp.status_code}</arg>
<arg>200</arg>
<doc>Fails if objects are unequal after converting them to integers.</doc>
<status status="PASS" start="2026-02-17T22:51:17.315812" elapsed="0.002872"/>
</kw>
<kw name="Set Variable" owner="BuiltIn">
<msg time="2026-02-17T22:51:17.321034" level="INFO">${json} = {'success': True, 'message': 'Login successful', 'data': {'token': 'eyJhbGciOiJIUzI1NiIsInR5cCI6IkpXVCJ9.eyJzdWIiOiJjbWxxNnh1dG4wMDAxbDV2dnpnM2htNm54Iiwicm9sZSI6IlBBU1NFTkdFUiIsImlhdCI6MTc3MTM0MzQ3Nyw...</msg>
<var>${json}</var>
<arg>${resp.json()}</arg>
<doc>Returns the given values which can then be assigned to a variables.</doc>
<status status="PASS" start="2026-02-17T22:51:17.319370" elapsed="0.001804"/>
</kw>
<kw name="Get User Id From Login Response">
<kw name="Run Keyword If" owner="BuiltIn">
<kw name="Return From Keyword" owner="BuiltIn">
<msg time="2026-02-17T22:51:17.324854" level="INFO">Returning from the enclosing user keyword.</msg>
<arg>${json['data']['user']['id']}</arg>
<doc>Returns from the enclosing user keyword.</doc>
<status status="PASS" start="2026-02-17T22:51:17.324653" elapsed="0.000334"/>
</kw>
<arg>'data' in ${json} and 'user' in ${json['data']} and 'id' in ${json['data']['user']}</arg>
<arg>Return From Keyword</arg>
<arg>${json['data']['user']['id']}</arg>
<doc>Runs the given keyword with the given arguments, if ``condition`` is true.</doc>
<status status="PASS" start="2026-02-17T22:51:17.323123" elapsed="0.001974"/>
</kw>
<kw name="Run Keyword If" owner="BuiltIn">
<arg>'data' in ${json} and 'id' in ${json['data']}</arg>
<arg>Return From Keyword</arg>
<arg>${json['data']['id']}</arg>
<doc>Runs the given keyword with the given arguments, if ``condition`` is true.</doc>
<status status="NOT RUN" start="2026-02-17T22:51:17.325303" elapsed="0.000028"/>
</kw>
<kw name="Fail" owner="BuiltIn">
<arg>Cannot find user id in login response: ${json}</arg>
<doc>Fails the test with the given message and optionally alters its tags.</doc>
<status status="NOT RUN" start="2026-02-17T22:51:17.325433" elapsed="0.000018"/>
</kw>
<msg time="2026-02-17T22:51:17.326193" level="INFO">${user_id} = cmlq6xutn0001l5vvzg3hm6nx</msg>
<var>${user_id}</var>
<arg>${json}</arg>
<status status="PASS" start="2026-02-17T22:51:17.321690" elapsed="0.004564"/>
</kw>
<kw name="Get Latest Access Log By UserId">
<kw name="Query" owner="DatabaseLibrary">
<msg time="2026-02-17T22:51:17.327734" level="INFO" html="true">Executing sql:&lt;br&gt;&lt;code style="font-weight: bold;"&gt;SELECT "userId","loginTime","logoutTime","ipAddress","userAgent","sessionId" FROM "AccessLog" WHERE "userId"='cmlq6xutn0001l5vvzg3hm6nx' ORDER BY "createdAt" DESC LIMIT 1;&lt;/code&gt;</msg>
<msg time="2026-02-17T22:51:17.336302" level="INFO">Commit the transaction</msg>
<msg time="2026-02-17T22:51:17.338469" level="INFO" html="true">&lt;div style="max-width: 100%; overflow-x: auto; max-height: 500px; overflow-y: auto;"&gt;&lt;table style="width: auto; border-collapse: collapse; border: 2px solid rgb(140 140 140)"&gt;&lt;caption style="text-align: left; font-weight: bold; padding: 5px;"&gt;Query returned 1 rows&lt;/caption&gt;&lt;tr&gt;&lt;th scope="col" style="position: sticky; top: 0; color:black; background-color: #d6ecd4; border: 1px solid rgb(160 160 160);padding: 8px 10px;text-align: center;"&gt;Row&lt;/th&gt;&lt;th scope="col" style="position: sticky; top: 0; background-color: #505050; color: #fff;border: 1px solid rgb(160 160 160);padding: 8px 10px;text-align: center;"&gt;userId&lt;/th&gt;&lt;th scope="col" style="position: sticky; top: 0; background-color: #505050; color: #fff;border: 1px solid rgb(160 160 160);padding: 8px 10px;text-align: center;"&gt;loginTime&lt;/th&gt;&lt;th scope="col" style="position: sticky; top: 0; background-color: #505050; color: #fff;border: 1px solid rgb(160 160 160);padding: 8px 10px;text-align: center;"&gt;logoutTime&lt;/th&gt;&lt;th scope="col" style="position: sticky; top: 0; background-color: #505050; color: #fff;border: 1px solid rgb(160 160 160);padding: 8px 10px;text-align: center;"&gt;ipAddress&lt;/th&gt;&lt;th scope="col" style="position: sticky; top: 0; background-color: #505050; color: #fff;border: 1px solid rgb(160 160 160);padding: 8px 10px;text-align: center;"&gt;userAgent&lt;/th&gt;&lt;th scope="col" style="position: sticky; top: 0; background-color: #505050; color: #fff;border: 1px solid rgb(160 160 160);padding: 8px 10px;text-align: center;"&gt;sessionId&lt;/th&gt;&lt;/tr&gt;&lt;tr style="background-color: var(--secondary-color, #eee)"&gt;&lt;th scope="row" style="color:black; background-color: #d6ecd4;border: 1px solid rgb(160 160 160);padding: 8px 10px;text-align: center;"&gt;0&lt;/th&gt;&lt;td style="border: 1px solid rgb(160 160 160);padding: 8px 10px;text-align: center;"&gt;cmlq6xutn0001l5vvzg3hm6nx&lt;/td&gt;&lt;td style="border: 1px solid rgb(160 160 160);padding: 8px 10px;text-align: center;"&gt;2026-02-17 15:51:17.311000&lt;/td&gt;&lt;td style="border: 1px solid rgb(160 160 160);padding: 8px 10px;text-align: center;"&gt;None&lt;/td&gt;&lt;td style="border: 1px solid rgb(160 160 160);padding: 8px 10px;text-align: center;"&gt;::ffff:172.19.0.1&lt;/td&gt;&lt;td style="border: 1px solid rgb(160 160 160);padding: 8px 10px;text-align: center;"&gt;python-requests/2.32.5&lt;/td&gt;&lt;td style="border: 1px solid rgb(160 160 160);padding: 8px 10px;text-align: center;"&gt;68d20f14-3f22-478c-be00-3430f7ce7a87&lt;/td&gt;&lt;/tr&gt;&lt;/table&gt;&lt;/div&gt;</msg>
<msg time="2026-02-17T22:51:17.339810" level="INFO">@{rows} = [ ('cmlq6xutn0001l5vvzg3hm6nx', datetime.datetime(2026, 2, 17, 15, 51, 17, 311000), None, '::ffff:172.19.0.1', 'python-requests/2.32.5', '68d20f14-3f22-478c-be00-3430f7ce7a87') ]</msg>
<var>@{rows}</var>
<arg>SELECT "userId","loginTime","logoutTime","ipAddress","userAgent","sessionId" FROM "AccessLog" WHERE "userId"='${user_id}' ORDER BY "createdAt" DESC LIMIT 1;</arg>
<doc>Runs a query with the ``select_statement`` and returns the result as list of rows.
The type of row values depends on the database module -
usually they are tuples or tuple-like objects.</doc>
<status status="PASS" start="2026-02-17T22:51:17.327434" elapsed="0.012517"/>
</kw>
<kw name="Should Not Be Empty" owner="BuiltIn">
<msg time="2026-02-17T22:51:17.340922" level="INFO">Length is 1.</msg>
<arg>${rows}</arg>
<arg>msg=AccessLog not found for userId=${user_id}</arg>
<doc>Verifies that the given item is not empty.</doc>
<status status="PASS" start="2026-02-17T22:51:17.340452" elapsed="0.000600"/>
</kw>
<kw name="Return From Keyword" owner="BuiltIn">
<msg time="2026-02-17T22:51:17.341375" level="INFO">Returning from the enclosing user keyword.</msg>
<arg>${rows[0]}</arg>
<doc>Returns from the enclosing user keyword.</doc>
<status status="PASS" start="2026-02-17T22:51:17.341272" elapsed="0.000191"/>
</kw>
<msg time="2026-02-17T22:51:17.342098" level="INFO">${log} = ('cmlq6xutn0001l5vvzg3hm6nx', datetime.datetime(2026, 2, 17, 15, 51, 17, 311000), None, '::ffff:172.19.0.1', 'python-requests/2.32.5', '68d20f14-3f22-478c-be00-3430f7ce7a87')</msg>
<var>${log}</var>
<arg>${user_id}</arg>
<status status="PASS" start="2026-02-17T22:51:17.326867" elapsed="0.015261"/>
</kw>
<kw name="Should Be Equal As Strings" owner="BuiltIn">
<arg>${log[0]}</arg>
<arg>${user_id}</arg>
<doc>Fails if objects are unequal after converting them to strings.</doc>
<status status="PASS" start="2026-02-17T22:51:17.342556" elapsed="0.000649"/>
</kw>
<kw name="Should Not Be Equal As Strings" owner="BuiltIn">
<msg time="2026-02-17T22:51:17.345736" level="INFO">Argument types are:
&lt;class 'datetime.datetime'&gt;
&lt;class 'NoneType'&gt;</msg>
<arg>${log[1]}</arg>
<arg>${None}</arg>
<arg>msg=loginTime เป็นค่าว่าง</arg>
<doc>Fails if objects are equal after converting them to strings.</doc>
<status status="PASS" start="2026-02-17T22:51:17.343709" elapsed="0.002138"/>
</kw>
<kw name="Should Not Be Equal As Strings" owner="BuiltIn">
<msg time="2026-02-17T22:51:17.347242" level="INFO">Argument types are:
&lt;class 'str'&gt;
&lt;class 'NoneType'&gt;</msg>
<arg>${log[3]}</arg>
<arg>${None}</arg>
<arg>msg=ipAddress เป็นค่าว่าง</arg>
<doc>Fails if objects are equal after converting them to strings.</doc>
<status status="PASS" start="2026-02-17T22:51:17.346527" elapsed="0.000787"/>
</kw>
<kw name="Should Not Be Equal As Strings" owner="BuiltIn">
<msg time="2026-02-17T22:51:17.348041" level="INFO">Argument types are:
&lt;class 'str'&gt;
&lt;class 'NoneType'&gt;</msg>
<arg>${log[4]}</arg>
<arg>${None}</arg>
<arg>msg=userAgent เป็นค่าว่าง</arg>
<doc>Fails if objects are equal after converting them to strings.</doc>
<status status="PASS" start="2026-02-17T22:51:17.347589" elapsed="0.000499"/>
</kw>
<status status="PASS" start="2026-02-17T22:51:17.203134" elapsed="0.145188"/>
</test>
<kw name="Disconnect From Database" owner="DatabaseLibrary" type="TEARDOWN">
<doc>Disconnects from the database.</doc>
<status status="PASS" start="2026-02-17T22:51:17.349337" elapsed="0.000441"/>
</kw>
<doc>Test Suite for Access Log (DB Verification)</doc>
<status status="PASS" start="2026-02-17T22:51:16.882989" elapsed="0.466861"/>
</suite>
<statistics>
<total>
<stat pass="1" fail="0" skip="0">All Tests</stat>
</total>
<tag>
</tag>
<suite>
<stat name="Access Log Test" id="s1" pass="1" fail="0" skip="0">Access Log Test</stat>
</suite>
</statistics>
<errors>
</errors>
</robot>
