<?xml version="1.0" encoding="UTF-8"?>
<robot generator="Robot 7.3.2 (Python 3.13.5 on win32)" generated="2026-02-17T21:31:58.572410" rpa="false" schemaversion="5">
<suite id="s1" name="UAT" source="C:\Users\ROG\Documents\Dev\SE\Sprint\test\uat\UAT.robot">
<test id="s1-t1" name="UAT-PNN-001-STEP-001 Open Home Page" line="290">
<kw name="Open Chrome">
<kw name="Evaluate" owner="BuiltIn">
<msg time="2026-02-17T21:31:59.000849" level="INFO">${opts} = &lt;selenium.webdriver.chrome.options.Options object at 0x000001B74FE23380&gt;</msg>
<var>${opts}</var>
<arg>sys.modules['selenium.webdriver'].ChromeOptions()</arg>
<arg>sys</arg>
<doc>Evaluates the given expression in Python and returns the result.</doc>
<status status="PASS" start="2026-02-17T21:31:59.000429" elapsed="0.000464"/>
</kw>
<kw name="Evaluate" owner="BuiltIn">
<arg>setattr($opts, "binary_location", r"""${CHROME_BROWSER_PATH}""")</arg>
<doc>Evaluates the given expression in Python and returns the result.</doc>
<status status="PASS" start="2026-02-17T21:31:59.001035" elapsed="0.000304"/>
</kw>
<kw name="Call Method" owner="BuiltIn">
<arg>${opts}</arg>
<arg>add_argument</arg>
<arg>--start-maximized</arg>
<doc>Calls the named method of the given object with the provided arguments.</doc>
<status status="PASS" start="2026-02-17T21:31:59.001489" elapsed="0.000162"/>
</kw>
<kw name="Call Method" owner="BuiltIn">
<arg>${opts}</arg>
<arg>add_argument</arg>
<arg>--disable-notifications</arg>
<doc>Calls the named method of the given object with the provided arguments.</doc>
<status status="PASS" start="2026-02-17T21:31:59.001775" elapsed="0.000132"/>
</kw>
<kw name="Evaluate" owner="BuiltIn">
<msg time="2026-02-17T21:31:59.002725" level="INFO">${svc} = &lt;selenium.webdriver.chrome.service.Service object at 0x000001B74FE230E0&gt;</msg>
<var>${svc}</var>
<arg>sys.modules["selenium.webdriver.chrome.service"].Service(executable_path=r"${CHROME_DRIVER_PATH}")</arg>
<doc>Evaluates the given expression in Python and returns the result.</doc>
<status status="PASS" start="2026-02-17T21:31:59.002004" elapsed="0.000769"/>
</kw>
<kw name="Create Webdriver" owner="SeleniumLibrary">
<msg time="2026-02-17T21:31:59.003166" level="INFO">Creating an instance of the Chrome WebDriver.</msg>
<arg>Chrome</arg>
<arg>options=${opts}</arg>
<arg>service=${svc}</arg>
<doc>Creates an instance of Selenium WebDriver.</doc>
<status status="PASS" start="2026-02-17T21:31:59.002935" elapsed="1.730687"/>
</kw>
<kw name="Set Selenium Speed" owner="SeleniumLibrary">
<arg>0</arg>
<doc>Sets the delay that is waited after each Selenium command.</doc>
<status status="PASS" start="2026-02-17T21:32:00.734032" elapsed="0.000444"/>
</kw>
<status status="PASS" start="2026-02-17T21:31:58.999627" elapsed="1.735044"/>
</kw>
<kw name="Go To" owner="SeleniumLibrary">
<msg time="2026-02-17T21:32:00.736239" level="INFO">Opening url 'http://localhost:3003/'</msg>
<arg>${BASE_URL}</arg>
<doc>Navigates the current browser window to the provided ``url``.</doc>
<status status="PASS" start="2026-02-17T21:32:00.735628" elapsed="1.144966"/>
</kw>
<kw name="Verify Home Page">
<kw name="Location Should Be" owner="SeleniumLibrary">
<msg time="2026-02-17T21:32:01.888870" level="INFO">Current location is 'http://localhost:3003/'.</msg>
<arg>${BASE_URL}</arg>
<doc>Verifies that the current URL is exactly ``url``.</doc>
<status status="PASS" start="2026-02-17T21:32:01.881677" elapsed="0.007359"/>
</kw>
<kw name="Page Should Contain Element" owner="SeleniumLibrary">
<msg time="2026-02-17T21:32:01.900161" level="INFO">Current page contains element 'xpath=//a[@href='/login']'.</msg>
<arg>xpath=//a[@href='/login']</arg>
<doc>Verifies that element ``locator`` is found on the current page.</doc>
<status status="PASS" start="2026-02-17T21:32:01.889278" elapsed="0.010970"/>
</kw>
<status status="PASS" start="2026-02-17T21:32:01.881288" elapsed="0.019053"/>
</kw>
<kw name="Close Browser" owner="SeleniumLibrary" type="TEARDOWN">
<doc>Closes the current browser.</doc>
<status status="PASS" start="2026-02-17T21:32:01.900625" elapsed="2.662076"/>
</kw>
<status status="PASS" start="2026-02-17T21:31:58.998676" elapsed="5.564362"/>
</test>
<test id="s1-t2" name="UAT-PNN-001-STEP-002 Click Login And See Login Form" line="296">
<kw name="Open Chrome">
<kw name="Evaluate" owner="BuiltIn">
<msg time="2026-02-17T21:32:04.564664" level="INFO">${opts} = &lt;selenium.webdriver.chrome.options.Options object at 0x000001B74FEAD810&gt;</msg>
<var>${opts}</var>
<arg>sys.modules['selenium.webdriver'].ChromeOptions()</arg>
<arg>sys</arg>
<doc>Evaluates the given expression in Python and returns the result.</doc>
<status status="PASS" start="2026-02-17T21:32:04.564402" elapsed="0.000293"/>
</kw>
<kw name="Evaluate" owner="BuiltIn">
<arg>setattr($opts, "binary_location", r"""${CHROME_BROWSER_PATH}""")</arg>
<doc>Evaluates the given expression in Python and returns the result.</doc>
<status status="PASS" start="2026-02-17T21:32:04.564807" elapsed="0.000199"/>
</kw>
<kw name="Call Method" owner="BuiltIn">
<arg>${opts}</arg>
<arg>add_argument</arg>
<arg>--start-maximized</arg>
<doc>Calls the named method of the given object with the provided arguments.</doc>
<status status="PASS" start="2026-02-17T21:32:04.565090" elapsed="0.000105"/>
</kw>
<kw name="Call Method" owner="BuiltIn">
<arg>${opts}</arg>
<arg>add_argument</arg>
<arg>--disable-notifications</arg>
<doc>Calls the named method of the given object with the provided arguments.</doc>
<status status="PASS" start="2026-02-17T21:32:04.565276" elapsed="0.000100"/>
</kw>
<kw name="Evaluate" owner="BuiltIn">
<msg time="2026-02-17T21:32:04.565903" level="INFO">${svc} = &lt;selenium.webdriver.chrome.service.Service object at 0x000001B74FEACA50&gt;</msg>
<var>${svc}</var>
<arg>sys.modules["selenium.webdriver.chrome.service"].Service(executable_path=r"${CHROME_DRIVER_PATH}")</arg>
<doc>Evaluates the given expression in Python and returns the result.</doc>
<status status="PASS" start="2026-02-17T21:32:04.565463" elapsed="0.000475"/>
</kw>
<kw name="Create Webdriver" owner="SeleniumLibrary">
<msg time="2026-02-17T21:32:04.566202" level="INFO">Creating an instance of the Chrome WebDriver.</msg>
<arg>Chrome</arg>
<arg>options=${opts}</arg>
<arg>service=${svc}</arg>
<doc>Creates an instance of Selenium WebDriver.</doc>
<status status="PASS" start="2026-02-17T21:32:04.566039" elapsed="1.373015"/>
</kw>
<kw name="Set Selenium Speed" owner="SeleniumLibrary">
<arg>0</arg>
<doc>Sets the delay that is waited after each Selenium command.</doc>
<status status="PASS" start="2026-02-17T21:32:05.939570" elapsed="0.000663"/>
</kw>
<status status="PASS" start="2026-02-17T21:32:04.564183" elapsed="1.376241"/>
</kw>
<kw name="Go To" owner="SeleniumLibrary">
<msg time="2026-02-17T21:32:05.941686" level="INFO">Opening url 'http://localhost:3003/'</msg>
<arg>${BASE_URL}</arg>
<doc>Navigates the current browser window to the provided ``url``.</doc>
<status status="PASS" start="2026-02-17T21:32:05.941187" elapsed="1.527747"/>
</kw>
<kw name="Click Element" owner="SeleniumLibrary">
<msg time="2026-02-17T21:32:07.469947" level="INFO">Clicking element 'xpath=//a[@href='/login']'.</msg>
<arg>xpath=//a[@href='/login']</arg>
<doc>Click the element identified by ``locator``.</doc>
<status status="PASS" start="2026-02-17T21:32:07.469457" elapsed="0.130023"/>
</kw>
<kw name="Wait Until Element Is Visible" owner="SeleniumLibrary">
<arg>id=loginForm</arg>
<arg>10s</arg>
<doc>Waits until the element ``locator`` is visible.</doc>
<status status="PASS" start="2026-02-17T21:32:07.599880" elapsed="0.034647"/>
</kw>
<kw name="Verify Login Page And Form">
<kw name="Location Should Contain" owner="SeleniumLibrary">
<msg time="2026-02-17T21:32:07.646820" level="INFO">Current location contains '/login'.</msg>
<arg>/login</arg>
<doc>Verifies that the current URL contains ``expected``.</doc>
<status status="PASS" start="2026-02-17T21:32:07.635516" elapsed="0.011443"/>
</kw>
<kw name="Page Should Contain Element" owner="SeleniumLibrary">
<msg time="2026-02-17T21:32:07.666804" level="INFO">Current page contains element 'id=loginForm'.</msg>
<arg>id=loginForm</arg>
<doc>Verifies that element ``locator`` is found on the current page.</doc>
<status status="PASS" start="2026-02-17T21:32:07.647164" elapsed="0.020603"/>
</kw>
<kw name="Page Should Contain Element" owner="SeleniumLibrary">
<msg time="2026-02-17T21:32:07.690361" level="INFO">Current page contains element 'id=identifier'.</msg>
<arg>id=identifier</arg>
<doc>Verifies that element ``locator`` is found on the current page.</doc>
<status status="PASS" start="2026-02-17T21:32:07.667919" elapsed="0.023200"/>
</kw>
<kw name="Page Should Contain Element" owner="SeleniumLibrary">
<msg time="2026-02-17T21:32:07.707352" level="INFO">Current page contains element 'id=password'.</msg>
<arg>id=password</arg>
<doc>Verifies that element ``locator`` is found on the current page.</doc>
<status status="PASS" start="2026-02-17T21:32:07.691470" elapsed="0.016099"/>
</kw>
<status status="PASS" start="2026-02-17T21:32:07.635063" elapsed="0.072743"/>
</kw>
<kw name="Close Browser" owner="SeleniumLibrary" type="TEARDOWN">
<doc>Closes the current browser.</doc>
<status status="PASS" start="2026-02-17T21:32:07.708582" elapsed="2.553811"/>
</kw>
<status status="PASS" start="2026-02-17T21:32:04.563706" elapsed="5.699046"/>
</test>
<test id="s1-t3" name="UAT-PNN-001-STEP-003 Admin Login And Go Dashboard" line="304">
<kw name="Open Chrome">
<kw name="Evaluate" owner="BuiltIn">
<msg time="2026-02-17T21:32:10.264505" level="INFO">${opts} = &lt;selenium.webdriver.chrome.options.Options object at 0x000001B74FEAD310&gt;</msg>
<var>${opts}</var>
<arg>sys.modules['selenium.webdriver'].ChromeOptions()</arg>
<arg>sys</arg>
<doc>Evaluates the given expression in Python and returns the result.</doc>
<status status="PASS" start="2026-02-17T21:32:10.264266" elapsed="0.000269"/>
</kw>
<kw name="Evaluate" owner="BuiltIn">
<arg>setattr($opts, "binary_location", r"""${CHROME_BROWSER_PATH}""")</arg>
<doc>Evaluates the given expression in Python and returns the result.</doc>
<status status="PASS" start="2026-02-17T21:32:10.264631" elapsed="0.000211"/>
</kw>
<kw name="Call Method" owner="BuiltIn">
<arg>${opts}</arg>
<arg>add_argument</arg>
<arg>--start-maximized</arg>
<doc>Calls the named method of the given object with the provided arguments.</doc>
<status status="PASS" start="2026-02-17T21:32:10.264932" elapsed="0.000115"/>
</kw>
<kw name="Call Method" owner="BuiltIn">
<arg>${opts}</arg>
<arg>add_argument</arg>
<arg>--disable-notifications</arg>
<doc>Calls the named method of the given object with the provided arguments.</doc>
<status status="PASS" start="2026-02-17T21:32:10.265132" elapsed="0.000103"/>
</kw>
<kw name="Evaluate" owner="BuiltIn">
<msg time="2026-02-17T21:32:10.265737" level="INFO">${svc} = &lt;selenium.webdriver.chrome.service.Service object at 0x000001B74FEAC2D0&gt;</msg>
<var>${svc}</var>
<arg>sys.modules["selenium.webdriver.chrome.service"].Service(executable_path=r"${CHROME_DRIVER_PATH}")</arg>
<doc>Evaluates the given expression in Python and returns the result.</doc>
<status status="PASS" start="2026-02-17T21:32:10.265322" elapsed="0.000444"/>
</kw>
<kw name="Create Webdriver" owner="SeleniumLibrary">
<msg time="2026-02-17T21:32:10.266029" level="INFO">Creating an instance of the Chrome WebDriver.</msg>
<arg>Chrome</arg>
<arg>options=${opts}</arg>
<arg>service=${svc}</arg>
<doc>Creates an instance of Selenium WebDriver.</doc>
<status status="PASS" start="2026-02-17T21:32:10.265866" elapsed="1.375487"/>
</kw>
<kw name="Set Selenium Speed" owner="SeleniumLibrary">
<arg>0</arg>
<doc>Sets the delay that is waited after each Selenium command.</doc>
<status status="PASS" start="2026-02-17T21:32:11.642063" elapsed="0.000537"/>
</kw>
<status status="PASS" start="2026-02-17T21:32:10.264020" elapsed="1.378788"/>
</kw>
<kw name="Go To Login Page">
<kw name="Go To" owner="SeleniumLibrary">
<msg time="2026-02-17T21:32:11.646681" level="INFO">Opening url 'http://localhost:3003/'</msg>
<arg>${BASE_URL}</arg>
<doc>Navigates the current browser window to the provided ``url``.</doc>
<status status="PASS" start="2026-02-17T21:32:11.646427" elapsed="1.071925"/>
</kw>
<kw name="Wait Until Element Is Visible" owner="SeleniumLibrary">
<arg>xpath=//a[@href='/login']</arg>
<arg>10s</arg>
<doc>Waits until the element ``locator`` is visible.</doc>
<status status="PASS" start="2026-02-17T21:32:12.718664" elapsed="0.023360"/>
</kw>
<kw name="Click Element" owner="SeleniumLibrary">
<msg time="2026-02-17T21:32:12.742629" level="INFO">Clicking element 'xpath=//a[@href='/login']'.</msg>
<arg>xpath=//a[@href='/login']</arg>
<doc>Click the element identified by ``locator``.</doc>
<status status="PASS" start="2026-02-17T21:32:12.742253" elapsed="0.123624"/>
</kw>
<kw name="Wait Until Element Is Visible" owner="SeleniumLibrary">
<arg>id=loginForm</arg>
<arg>10s</arg>
<doc>Waits until the element ``locator`` is visible.</doc>
<status status="PASS" start="2026-02-17T21:32:12.866270" elapsed="0.022951"/>
</kw>
<status status="PASS" start="2026-02-17T21:32:11.645897" elapsed="1.243475"/>
</kw>
<kw name="Login As Admin And Go Dashboard">
<kw name="Wait Until Element Is Visible" owner="SeleniumLibrary">
<arg>id=identifier</arg>
<arg>10s</arg>
<doc>Waits until the element ``locator`` is visible.</doc>
<status status="PASS" start="2026-02-17T21:32:12.890286" elapsed="0.030345"/>
</kw>
<kw name="Input Text" owner="SeleniumLibrary">
<msg time="2026-02-17T21:32:12.922429" level="INFO">Typing text 'admin123' into text field 'id=identifier'.</msg>
<arg>id=identifier</arg>
<arg>${ADMIN_USER}</arg>
<doc>Types the given ``text`` into the text field identified by ``locator``.</doc>
<status status="PASS" start="2026-02-17T21:32:12.921409" elapsed="0.142824"/>
</kw>
<kw name="Input Password" owner="SeleniumLibrary">
<msg time="2026-02-17T21:32:13.064862" level="INFO">Typing password into text field 'id=password'.</msg>
<msg time="2026-02-17T21:32:13.097790" level="INFO">Temporally setting log level to: NONE</msg>
<arg>id=password</arg>
<arg>${ADMIN_PASS}</arg>
<doc>Types the given password into the text field identified by ``locator``.</doc>
<status status="PASS" start="2026-02-17T21:32:13.064503" elapsed="0.073812"/>
</kw>
<kw name="Click Button" owner="SeleniumLibrary">
<msg time="2026-02-17T21:32:13.138705" level="INFO">Clicking button 'xpath=//form[@id='loginForm']//button[@type='submit']'.</msg>
<arg>xpath=//form[@id='loginForm']//button[@type='submit']</arg>
<doc>Clicks the button identified by ``locator``.</doc>
<status status="PASS" start="2026-02-17T21:32:13.138502" elapsed="0.078049"/>
</kw>
<kw name="Wait Until Element Is Visible" owner="SeleniumLibrary">
<arg>xpath=//div[contains(@class,'dropdown-trigger')]</arg>
<arg>15s</arg>
<doc>Waits until the element ``locator`` is visible.</doc>
<status status="PASS" start="2026-02-17T21:32:13.216727" elapsed="0.231000"/>
</kw>
<kw name="Go To" owner="SeleniumLibrary">
<msg time="2026-02-17T21:32:13.448233" level="INFO">Opening url 'http://localhost:3003/admin/users'</msg>
<arg>${BASE_URL}admin/users</arg>
<doc>Navigates the current browser window to the provided ``url``.</doc>
<status status="PASS" start="2026-02-17T21:32:13.447983" elapsed="0.425692"/>
</kw>
<kw name="Wait Until Location Contains" owner="SeleniumLibrary">
<arg>/admin/users</arg>
<arg>10s</arg>
<doc>Waits until the current URL contains ``expected``.</doc>
<status status="PASS" start="2026-02-17T21:32:13.873851" elapsed="0.005092"/>
</kw>
<status status="PASS" start="2026-02-17T21:32:12.889873" elapsed="0.989276"/>
</kw>
<kw name="Verify Admin Logged In And On Dashboard">
<kw name="Location Should Contain" owner="SeleniumLibrary">
<msg time="2026-02-17T21:32:13.884306" level="INFO">Current location contains '/admin/users'.</msg>
<arg>/admin/users</arg>
<doc>Verifies that the current URL contains ``expected``.</doc>
<status status="PASS" start="2026-02-17T21:32:13.879770" elapsed="0.004653"/>
</kw>
<kw name="Page Should Contain Element" owner="SeleniumLibrary">
<msg time="2026-02-17T21:32:13.897885" level="INFO">Current page contains element 'xpath=//a[@href='/admin/monitor']'.</msg>
<arg>xpath=//a[@href='/admin/monitor']</arg>
<doc>Verifies that element ``locator`` is found on the current page.</doc>
<status status="PASS" start="2026-02-17T21:32:13.884618" elapsed="0.013550"/>
</kw>
<kw name="Page Should Contain Element" owner="SeleniumLibrary">
<msg time="2026-02-17T21:32:13.911374" level="INFO">Current page contains element 'xpath=//a[@href='/admin/users']'.</msg>
<arg>xpath=//a[@href='/admin/users']</arg>
<doc>Verifies that element ``locator`` is found on the current page.</doc>
<status status="PASS" start="2026-02-17T21:32:13.898410" elapsed="0.013055"/>
</kw>
<status status="PASS" start="2026-02-17T21:32:13.879503" elapsed="0.032062"/>
</kw>
<kw name="Close Browser" owner="SeleniumLibrary" type="TEARDOWN">
<doc>Closes the current browser.</doc>
<status status="PASS" start="2026-02-17T21:32:13.911970" elapsed="2.527878"/>
</kw>
<status status="PASS" start="2026-02-17T21:32:10.263545" elapsed="6.176646"/>
</test>
<test id="s1-t4" name="UAT-PNN-001-STEP-004 Open Monitor And See Tabs" line="311">
<kw name="Open Chrome">
<kw name="Evaluate" owner="BuiltIn">
<msg time="2026-02-17T21:32:16.442008" level="INFO">${opts} = &lt;selenium.webdriver.chrome.options.Options object at 0x000001B74FCEBBB0&gt;</msg>
<var>${opts}</var>
<arg>sys.modules['selenium.webdriver'].ChromeOptions()</arg>
<arg>sys</arg>
<doc>Evaluates the given expression in Python and returns the result.</doc>
<status status="PASS" start="2026-02-17T21:32:16.441679" elapsed="0.000376"/>
</kw>
<kw name="Evaluate" owner="BuiltIn">
<arg>setattr($opts, "binary_location", r"""${CHROME_BROWSER_PATH}""")</arg>
<doc>Evaluates the given expression in Python and returns the result.</doc>
<status status="PASS" start="2026-02-17T21:32:16.442215" elapsed="0.000363"/>
</kw>
<kw name="Call Method" owner="BuiltIn">
<arg>${opts}</arg>
<arg>add_argument</arg>
<arg>--start-maximized</arg>
<doc>Calls the named method of the given object with the provided arguments.</doc>
<status status="PASS" start="2026-02-17T21:32:16.442726" elapsed="0.000203"/>
</kw>
<kw name="Call Method" owner="BuiltIn">
<arg>${opts}</arg>
<arg>add_argument</arg>
<arg>--disable-notifications</arg>
<doc>Calls the named method of the given object with the provided arguments.</doc>
<status status="PASS" start="2026-02-17T21:32:16.443081" elapsed="0.000192"/>
</kw>
<kw name="Evaluate" owner="BuiltIn">
<msg time="2026-02-17T21:32:16.444029" level="INFO">${svc} = &lt;selenium.webdriver.chrome.service.Service object at 0x000001B74FCEBE10&gt;</msg>
<var>${svc}</var>
<arg>sys.modules["selenium.webdriver.chrome.service"].Service(executable_path=r"${CHROME_DRIVER_PATH}")</arg>
<doc>Evaluates the given expression in Python and returns the result.</doc>
<status status="PASS" start="2026-02-17T21:32:16.443430" elapsed="0.000645"/>
</kw>
<kw name="Create Webdriver" owner="SeleniumLibrary">
<msg time="2026-02-17T21:32:16.444488" level="INFO">Creating an instance of the Chrome WebDriver.</msg>
<arg>Chrome</arg>
<arg>options=${opts}</arg>
<arg>service=${svc}</arg>
<doc>Creates an instance of Selenium WebDriver.</doc>
<status status="PASS" start="2026-02-17T21:32:16.444220" elapsed="1.290985"/>
</kw>
<kw name="Set Selenium Speed" owner="SeleniumLibrary">
<arg>0</arg>
<doc>Sets the delay that is waited after each Selenium command.</doc>
<status status="PASS" start="2026-02-17T21:32:17.735818" elapsed="0.000697"/>
</kw>
<status status="PASS" start="2026-02-17T21:32:16.441337" elapsed="1.295474"/>
</kw>
<kw name="Go To Login Page">
<kw name="Go To" owner="SeleniumLibrary">
<msg time="2026-02-17T21:32:17.740212" level="INFO">Opening url 'http://localhost:3003/'</msg>
<arg>${BASE_URL}</arg>
<doc>Navigates the current browser window to the provided ``url``.</doc>
<status status="PASS" start="2026-02-17T21:32:17.739552" elapsed="1.059877"/>
</kw>
<kw name="Wait Until Element Is Visible" owner="SeleniumLibrary">
<arg>xpath=//a[@href='/login']</arg>
<arg>10s</arg>
<doc>Waits until the element ``locator`` is visible.</doc>
<status status="PASS" start="2026-02-17T21:32:18.799683" elapsed="0.025214"/>
</kw>
<kw name="Click Element" owner="SeleniumLibrary">
<msg time="2026-02-17T21:32:18.825234" level="INFO">Clicking element 'xpath=//a[@href='/login']'.</msg>
<arg>xpath=//a[@href='/login']</arg>
<doc>Click the element identified by ``locator``.</doc>
<status status="PASS" start="2026-02-17T21:32:18.825058" elapsed="0.098583"/>
</kw>
<kw name="Wait Until Element Is Visible" owner="SeleniumLibrary">
<arg>id=loginForm</arg>
<arg>10s</arg>
<doc>Waits until the element ``locator`` is visible.</doc>
<status status="PASS" start="2026-02-17T21:32:18.923919" elapsed="0.021264"/>
</kw>
<status status="PASS" start="2026-02-17T21:32:17.738483" elapsed="1.206867"/>
</kw>
<kw name="Login As Admin And Go Dashboard">
<kw name="Wait Until Element Is Visible" owner="SeleniumLibrary">
<arg>id=identifier</arg>
<arg>10s</arg>
<doc>Waits until the element ``locator`` is visible.</doc>
<status status="PASS" start="2026-02-17T21:32:18.946164" elapsed="0.031520"/>
</kw>
<kw name="Input Text" owner="SeleniumLibrary">
<msg time="2026-02-17T21:32:18.978734" level="INFO">Typing text 'admin123' into text field 'id=identifier'.</msg>
<arg>id=identifier</arg>
<arg>${ADMIN_USER}</arg>
<doc>Types the given ``text`` into the text field identified by ``locator``.</doc>
<status status="PASS" start="2026-02-17T21:32:18.977992" elapsed="0.193908"/>
</kw>
<kw name="Input Password" owner="SeleniumLibrary">
<msg time="2026-02-17T21:32:19.173264" level="INFO">Typing password into text field 'id=password'.</msg>
<msg time="2026-02-17T21:32:19.345086" level="INFO">Temporally setting log level to: NONE</msg>
<arg>id=password</arg>
<arg>${ADMIN_PASS}</arg>
<doc>Types the given password into the text field identified by ``locator``.</doc>
<status status="PASS" start="2026-02-17T21:32:19.172531" elapsed="0.215510"/>
</kw>
<kw name="Click Button" owner="SeleniumLibrary">
<msg time="2026-02-17T21:32:19.388453" level="INFO">Clicking button 'xpath=//form[@id='loginForm']//button[@type='submit']'.</msg>
<arg>xpath=//form[@id='loginForm']//button[@type='submit']</arg>
<doc>Clicks the button identified by ``locator``.</doc>
<status status="PASS" start="2026-02-17T21:32:19.388249" elapsed="0.078097"/>
</kw>
<kw name="Wait Until Element Is Visible" owner="SeleniumLibrary">
<arg>xpath=//div[contains(@class,'dropdown-trigger')]</arg>
<arg>15s</arg>
<doc>Waits until the element ``locator`` is visible.</doc>
<status status="PASS" start="2026-02-17T21:32:19.466514" elapsed="0.228651"/>
</kw>
<kw name="Go To" owner="SeleniumLibrary">
<msg time="2026-02-17T21:32:19.695482" level="INFO">Opening url 'http://localhost:3003/admin/users'</msg>
<arg>${BASE_URL}admin/users</arg>
<doc>Navigates the current browser window to the provided ``url``.</doc>
<status status="PASS" start="2026-02-17T21:32:19.695321" elapsed="0.590272"/>
</kw>
<kw name="Wait Until Location Contains" owner="SeleniumLibrary">
<arg>/admin/users</arg>
<arg>10s</arg>
<doc>Waits until the current URL contains ``expected``.</doc>
<status status="PASS" start="2026-02-17T21:32:20.285969" elapsed="0.009765"/>
</kw>
<status status="PASS" start="2026-02-17T21:32:18.945778" elapsed="1.350266"/>
</kw>
<kw name="Open Monitor Page">
<kw name="Go To" owner="SeleniumLibrary">
<msg time="2026-02-17T21:32:20.297174" level="INFO">Opening url 'http://localhost:3003/admin/monitor'</msg>
<arg>${BASE_URL}admin/monitor</arg>
<doc>Navigates the current browser window to the provided ``url``.</doc>
<status status="PASS" start="2026-02-17T21:32:20.296975" elapsed="0.110052"/>
</kw>
<kw name="Wait Until Location Contains" owner="SeleniumLibrary">
<arg>/admin/monitor</arg>
<arg>10s</arg>
<doc>Waits until the current URL contains ``expected``.</doc>
<status status="PASS" start="2026-02-17T21:32:20.407401" elapsed="0.005781"/>
</kw>
<status status="PASS" start="2026-02-17T21:32:20.296536" elapsed="0.117131"/>
</kw>
<kw name="Verify Monitor Tabs Exist">
<kw name="Location Should Contain" owner="SeleniumLibrary">
<msg time="2026-02-17T21:32:20.473738" level="INFO">Current location contains '/admin/monitor'.</msg>
<arg>/admin/monitor</arg>
<doc>Verifies that the current URL contains ``expected``.</doc>
<status status="PASS" start="2026-02-17T21:32:20.415703" elapsed="0.058620"/>
</kw>
<kw name="Page Should Contain Element" owner="SeleniumLibrary">
<msg time="2026-02-17T21:32:20.529059" level="INFO">Current page contains element 'xpath=//button[contains(.,'AuditLog')]'.</msg>
<arg>xpath=//button[contains(.,'AuditLog')]</arg>
<doc>Verifies that element ``locator`` is found on the current page.</doc>
<status status="PASS" start="2026-02-17T21:32:20.475295" elapsed="0.053873"/>
</kw>
<kw name="Page Should Contain Element" owner="SeleniumLibrary">
<msg time="2026-02-17T21:32:20.541761" level="INFO">Current page contains element 'xpath=//button[contains(.,'SystemLog')]'.</msg>
<arg>xpath=//button[contains(.,'SystemLog')]</arg>
<doc>Verifies that element ``locator`` is found on the current page.</doc>
<status status="PASS" start="2026-02-17T21:32:20.529331" elapsed="0.012521"/>
</kw>
<kw name="Page Should Contain Element" owner="SeleniumLibrary">
<msg time="2026-02-17T21:32:20.559293" level="INFO">Current page contains element 'xpath=//button[contains(.,'AccessLog')]'.</msg>
<arg>xpath=//button[contains(.,'AccessLog')]</arg>
<doc>Verifies that element ``locator`` is found on the current page.</doc>
<status status="PASS" start="2026-02-17T21:32:20.542075" elapsed="0.017316"/>
</kw>
<status status="PASS" start="2026-02-17T21:32:20.414629" elapsed="0.144861"/>
</kw>
<kw name="Close Browser" owner="SeleniumLibrary" type="TEARDOWN">
<doc>Closes the current browser.</doc>
<status status="PASS" start="2026-02-17T21:32:20.559939" elapsed="2.685400"/>
</kw>
<status status="PASS" start="2026-02-17T21:32:16.440820" elapsed="6.804854"/>
</test>
<test id="s1-t5" name="UAT-PNN-001-STEP-005 Verify AuditLog Header And Active Tab" line="319">
<kw name="Open Chrome">
<kw name="Evaluate" owner="BuiltIn">
<msg time="2026-02-17T21:32:23.251840" level="INFO">${opts} = &lt;selenium.webdriver.chrome.options.Options object at 0x000001B74FCEB820&gt;</msg>
<var>${opts}</var>
<arg>sys.modules['selenium.webdriver'].ChromeOptions()</arg>
<arg>sys</arg>
<doc>Evaluates the given expression in Python and returns the result.</doc>
<status status="PASS" start="2026-02-17T21:32:23.250907" elapsed="0.001007"/>
</kw>
<kw name="Evaluate" owner="BuiltIn">
<arg>setattr($opts, "binary_location", r"""${CHROME_BROWSER_PATH}""")</arg>
<doc>Evaluates the given expression in Python and returns the result.</doc>
<status status="PASS" start="2026-02-17T21:32:23.252168" elapsed="0.000447"/>
</kw>
<kw name="Call Method" owner="BuiltIn">
<arg>${opts}</arg>
<arg>add_argument</arg>
<arg>--start-maximized</arg>
<doc>Calls the named method of the given object with the provided arguments.</doc>
<status status="PASS" start="2026-02-17T21:32:23.252845" elapsed="0.000250"/>
</kw>
<kw name="Call Method" owner="BuiltIn">
<arg>${opts}</arg>
<arg>add_argument</arg>
<arg>--disable-notifications</arg>
<doc>Calls the named method of the given object with the provided arguments.</doc>
<status status="PASS" start="2026-02-17T21:32:23.253272" elapsed="0.000205"/>
</kw>
<kw name="Evaluate" owner="BuiltIn">
<msg time="2026-02-17T21:32:23.254482" level="INFO">${svc} = &lt;selenium.webdriver.chrome.service.Service object at 0x000001B74FCEB950&gt;</msg>
<var>${svc}</var>
<arg>sys.modules["selenium.webdriver.chrome.service"].Service(executable_path=r"${CHROME_DRIVER_PATH}")</arg>
<doc>Evaluates the given expression in Python and returns the result.</doc>
<status status="PASS" start="2026-02-17T21:32:23.253673" elapsed="0.000911"/>
</kw>
<kw name="Create Webdriver" owner="SeleniumLibrary">
<msg time="2026-02-17T21:32:23.255146" level="INFO">Creating an instance of the Chrome WebDriver.</msg>
<arg>Chrome</arg>
<arg>options=${opts}</arg>
<arg>service=${svc}</arg>
<doc>Creates an instance of Selenium WebDriver.</doc>
<status status="PASS" start="2026-02-17T21:32:23.254773" elapsed="1.335491"/>
</kw>
<kw name="Set Selenium Speed" owner="SeleniumLibrary">
<arg>0</arg>
<doc>Sets the delay that is waited after each Selenium command.</doc>
<status status="PASS" start="2026-02-17T21:32:24.590744" elapsed="0.000522"/>
</kw>
<status status="PASS" start="2026-02-17T21:32:23.249347" elapsed="1.342288"/>
</kw>
<kw name="Go To Login Page">
<kw name="Go To" owner="SeleniumLibrary">
<msg time="2026-02-17T21:32:24.594091" level="INFO">Opening url 'http://localhost:3003/'</msg>
<arg>${BASE_URL}</arg>
<doc>Navigates the current browser window to the provided ``url``.</doc>
<status status="PASS" start="2026-02-17T21:32:24.593548" elapsed="1.117156"/>
</kw>
<kw name="Wait Until Element Is Visible" owner="SeleniumLibrary">
<arg>xpath=//a[@href='/login']</arg>
<arg>10s</arg>
<doc>Waits until the element ``locator`` is visible.</doc>
<status status="PASS" start="2026-02-17T21:32:25.711068" elapsed="0.025505"/>
</kw>
<kw name="Click Element" owner="SeleniumLibrary">
<msg time="2026-02-17T21:32:25.736928" level="INFO">Clicking element 'xpath=//a[@href='/login']'.</msg>
<arg>xpath=//a[@href='/login']</arg>
<doc>Click the element identified by ``locator``.</doc>
<status status="PASS" start="2026-02-17T21:32:25.736735" elapsed="0.108287"/>
</kw>
<kw name="Wait Until Element Is Visible" owner="SeleniumLibrary">
<arg>id=loginForm</arg>
<arg>10s</arg>
<doc>Waits until the element ``locator`` is visible.</doc>
<status status="PASS" start="2026-02-17T21:32:25.845363" elapsed="0.029691"/>
</kw>
<status status="PASS" start="2026-02-17T21:32:24.592495" elapsed="1.282788"/>
</kw>
<kw name="Login As Admin And Go Dashboard">
<kw name="Wait Until Element Is Visible" owner="SeleniumLibrary">
<arg>id=identifier</arg>
<arg>10s</arg>
<doc>Waits until the element ``locator`` is visible.</doc>
<status status="PASS" start="2026-02-17T21:32:25.876640" elapsed="0.049602"/>
</kw>
<kw name="Input Text" owner="SeleniumLibrary">
<msg time="2026-02-17T21:32:25.928082" level="INFO">Typing text 'admin123' into text field 'id=identifier'.</msg>
<arg>id=identifier</arg>
<arg>${ADMIN_USER}</arg>
<doc>Types the given ``text`` into the text field identified by ``locator``.</doc>
<status status="PASS" start="2026-02-17T21:32:25.927360" elapsed="0.132807"/>
</kw>
<kw name="Input Password" owner="SeleniumLibrary">
<msg time="2026-02-17T21:32:26.060940" level="INFO">Typing password into text field 'id=password'.</msg>
<msg time="2026-02-17T21:32:26.090935" level="INFO">Temporally setting log level to: NONE</msg>
<arg>id=password</arg>
<arg>${ADMIN_PASS}</arg>
<doc>Types the given password into the text field identified by ``locator``.</doc>
<status status="PASS" start="2026-02-17T21:32:26.060491" elapsed="0.069731"/>
</kw>
<kw name="Click Button" owner="SeleniumLibrary">
<msg time="2026-02-17T21:32:26.130700" level="INFO">Clicking button 'xpath=//form[@id='loginForm']//button[@type='submit']'.</msg>
<arg>xpath=//form[@id='loginForm']//button[@type='submit']</arg>
<doc>Clicks the button identified by ``locator``.</doc>
<status status="PASS" start="2026-02-17T21:32:26.130429" elapsed="0.089547"/>
</kw>
<kw name="Wait Until Element Is Visible" owner="SeleniumLibrary">
<arg>xpath=//div[contains(@class,'dropdown-trigger')]</arg>
<arg>15s</arg>
<doc>Waits until the element ``locator`` is visible.</doc>
<status status="PASS" start="2026-02-17T21:32:26.220430" elapsed="0.245859"/>
</kw>
<kw name="Go To" owner="SeleniumLibrary">
<msg time="2026-02-17T21:32:26.466618" level="INFO">Opening url 'http://localhost:3003/admin/users'</msg>
<arg>${BASE_URL}admin/users</arg>
<doc>Navigates the current browser window to the provided ``url``.</doc>
<status status="PASS" start="2026-02-17T21:32:26.466468" elapsed="0.691653"/>
</kw>
<kw name="Wait Until Location Contains" owner="SeleniumLibrary">
<arg>/admin/users</arg>
<arg>10s</arg>
<doc>Waits until the current URL contains ``expected``.</doc>
<status status="PASS" start="2026-02-17T21:32:27.158267" elapsed="0.009308"/>
</kw>
<status status="PASS" start="2026-02-17T21:32:25.876131" elapsed="1.292011"/>
</kw>
<kw name="Open Monitor Page">
<kw name="Go To" owner="SeleniumLibrary">
<msg time="2026-02-17T21:32:27.169381" level="INFO">Opening url 'http://localhost:3003/admin/monitor'</msg>
<arg>${BASE_URL}admin/monitor</arg>
<doc>Navigates the current browser window to the provided ``url``.</doc>
<status status="PASS" start="2026-02-17T21:32:27.169194" elapsed="0.117744"/>
</kw>
<kw name="Wait Until Location Contains" owner="SeleniumLibrary">
<arg>/admin/monitor</arg>
<arg>10s</arg>
<doc>Waits until the current URL contains ``expected``.</doc>
<status status="PASS" start="2026-02-17T21:32:27.287256" elapsed="0.050010"/>
</kw>
<status status="PASS" start="2026-02-17T21:32:27.168810" elapsed="0.168864"/>
</kw>
<kw name="Verify AuditLog Header">
<kw name="Wait Until Element Is Visible" owner="SeleniumLibrary">
<arg>xpath=//h2[contains(.,'AuditLog')]</arg>
<arg>10s</arg>
<doc>Waits until the element ``locator`` is visible.</doc>
<status status="PASS" start="2026-02-17T21:32:27.339924" elapsed="0.045015"/>
</kw>
<kw name="Page Should Contain" owner="SeleniumLibrary">
<msg time="2026-02-17T21:32:27.400262" level="INFO">Current page contains text 'AuditLog (ล่าสุด 100 รายการ)'.</msg>
<arg>AuditLog (ล่าสุด 100 รายการ)</arg>
<doc>Verifies that current page contains ``text``.</doc>
<status status="PASS" start="2026-02-17T21:32:27.385215" elapsed="0.015182"/>
</kw>
<status status="PASS" start="2026-02-17T21:32:27.338726" elapsed="0.061757"/>
</kw>
<kw name="Close Browser" owner="SeleniumLibrary" type="TEARDOWN">
<doc>Closes the current browser.</doc>
<status status="PASS" start="2026-02-17T21:32:27.400874" elapsed="2.943087"/>
</kw>
<status status="PASS" start="2026-02-17T21:32:23.246409" elapsed="7.097871"/>
</test>
<test id="s1-t6" name="UAT-PNN-001-STEP-006 Verify AuditLog Table Columns" line="327">
<kw name="Open Chrome">
<kw name="Evaluate" owner="BuiltIn">
<msg time="2026-02-17T21:32:30.345814" level="INFO">${opts} = &lt;selenium.webdriver.chrome.options.Options object at 0x000001B74FE396D0&gt;</msg>
<var>${opts}</var>
<arg>sys.modules['selenium.webdriver'].ChromeOptions()</arg>
<arg>sys</arg>
<doc>Evaluates the given expression in Python and returns the result.</doc>
<status status="PASS" start="2026-02-17T21:32:30.345577" elapsed="0.000269"/>
</kw>
<kw name="Evaluate" owner="BuiltIn">
<arg>setattr($opts, "binary_location", r"""${CHROME_BROWSER_PATH}""")</arg>
<doc>Evaluates the given expression in Python and returns the result.</doc>
<status status="PASS" start="2026-02-17T21:32:30.345936" elapsed="0.000210"/>
</kw>
<kw name="Call Method" owner="BuiltIn">
<arg>${opts}</arg>
<arg>add_argument</arg>
<arg>--start-maximized</arg>
<doc>Calls the named method of the given object with the provided arguments.</doc>
<status status="PASS" start="2026-02-17T21:32:30.346232" elapsed="0.000111"/>
</kw>
<kw name="Call Method" owner="BuiltIn">
<arg>${opts}</arg>
<arg>add_argument</arg>
<arg>--disable-notifications</arg>
<doc>Calls the named method of the given object with the provided arguments.</doc>
<status status="PASS" start="2026-02-17T21:32:30.346425" elapsed="0.000109"/>
</kw>
<kw name="Evaluate" owner="BuiltIn">
<msg time="2026-02-17T21:32:30.347059" level="INFO">${svc} = &lt;selenium.webdriver.chrome.service.Service object at 0x000001B74FE397F0&gt;</msg>
<var>${svc}</var>
<arg>sys.modules["selenium.webdriver.chrome.service"].Service(executable_path=r"${CHROME_DRIVER_PATH}")</arg>
<doc>Evaluates the given expression in Python and returns the result.</doc>
<status status="PASS" start="2026-02-17T21:32:30.346624" elapsed="0.000463"/>
</kw>
<kw name="Create Webdriver" owner="SeleniumLibrary">
<msg time="2026-02-17T21:32:30.347393" level="INFO">Creating an instance of the Chrome WebDriver.</msg>
<arg>Chrome</arg>
<arg>options=${opts}</arg>
<arg>service=${svc}</arg>
<doc>Creates an instance of Selenium WebDriver.</doc>
<status status="PASS" start="2026-02-17T21:32:30.347183" elapsed="1.383163"/>
</kw>
<kw name="Set Selenium Speed" owner="SeleniumLibrary">
<arg>0</arg>
<doc>Sets the delay that is waited after each Selenium command.</doc>
<status status="PASS" start="2026-02-17T21:32:31.730759" elapsed="0.000566"/>
</kw>
<status status="PASS" start="2026-02-17T21:32:30.345346" elapsed="1.386192"/>
</kw>
<kw name="Go To Login Page">
<kw name="Go To" owner="SeleniumLibrary">
<msg time="2026-02-17T21:32:31.733523" level="INFO">Opening url 'http://localhost:3003/'</msg>
<arg>${BASE_URL}</arg>
<doc>Navigates the current browser window to the provided ``url``.</doc>
<status status="PASS" start="2026-02-17T21:32:31.733177" elapsed="0.996152"/>
</kw>
<kw name="Wait Until Element Is Visible" owner="SeleniumLibrary">
<arg>xpath=//a[@href='/login']</arg>
<arg>10s</arg>
<doc>Waits until the element ``locator`` is visible.</doc>
<status status="PASS" start="2026-02-17T21:32:32.729935" elapsed="0.033570"/>
</kw>
<kw name="Click Element" owner="SeleniumLibrary">
<msg time="2026-02-17T21:32:32.764094" level="INFO">Clicking element 'xpath=//a[@href='/login']'.</msg>
<arg>xpath=//a[@href='/login']</arg>
<doc>Click the element identified by ``locator``.</doc>
<status status="PASS" start="2026-02-17T21:32:32.763732" elapsed="0.135297"/>
</kw>
<kw name="Wait Until Element Is Visible" owner="SeleniumLibrary">
<arg>id=loginForm</arg>
<arg>10s</arg>
<doc>Waits until the element ``locator`` is visible.</doc>
<status status="PASS" start="2026-02-17T21:32:32.899372" elapsed="0.249228"/>
</kw>
<status status="PASS" start="2026-02-17T21:32:31.732313" elapsed="1.416511"/>
</kw>
<kw name="Login As Admin And Go Dashboard">
<kw name="Wait Until Element Is Visible" owner="SeleniumLibrary">
<arg>id=identifier</arg>
<arg>10s</arg>
<doc>Waits until the element ``locator`` is visible.</doc>
<status status="PASS" start="2026-02-17T21:32:33.149972" elapsed="0.027280"/>
</kw>
<kw name="Input Text" owner="SeleniumLibrary">
<msg time="2026-02-17T21:32:33.177654" level="INFO">Typing text 'admin123' into text field 'id=identifier'.</msg>
<arg>id=identifier</arg>
<arg>${ADMIN_USER}</arg>
<doc>Types the given ``text`` into the text field identified by ``locator``.</doc>
<status status="PASS" start="2026-02-17T21:32:33.177426" elapsed="0.095545"/>
</kw>
<kw name="Input Password" owner="SeleniumLibrary">
<msg time="2026-02-17T21:32:33.273704" level="INFO">Typing password into text field 'id=password'.</msg>
<msg time="2026-02-17T21:32:33.304088" level="INFO">Temporally setting log level to: NONE</msg>
<arg>id=password</arg>
<arg>${ADMIN_PASS}</arg>
<doc>Types the given password into the text field identified by ``locator``.</doc>
<status status="PASS" start="2026-02-17T21:32:33.273238" elapsed="0.079920"/>
</kw>
<kw name="Click Button" owner="SeleniumLibrary">
<msg time="2026-02-17T21:32:33.354217" level="INFO">Clicking button 'xpath=//form[@id='loginForm']//button[@type='submit']'.</msg>
<arg>xpath=//form[@id='loginForm']//button[@type='submit']</arg>
<doc>Clicks the button identified by ``locator``.</doc>
<status status="PASS" start="2026-02-17T21:32:33.353565" elapsed="0.110810"/>
</kw>
<kw name="Wait Until Element Is Visible" owner="SeleniumLibrary">
<arg>xpath=//div[contains(@class,'dropdown-trigger')]</arg>
<arg>15s</arg>
<doc>Waits until the element ``locator`` is visible.</doc>
<status status="PASS" start="2026-02-17T21:32:33.464706" elapsed="0.230136"/>
</kw>
<kw name="Go To" owner="SeleniumLibrary">
<msg time="2026-02-17T21:32:33.695238" level="INFO">Opening url 'http://localhost:3003/admin/users'</msg>
<arg>${BASE_URL}admin/users</arg>
<doc>Navigates the current browser window to the provided ``url``.</doc>
<status status="PASS" start="2026-02-17T21:32:33.695003" elapsed="0.854525"/>
</kw>
<kw name="Wait Until Location Contains" owner="SeleniumLibrary">
<arg>/admin/users</arg>
<arg>10s</arg>
<doc>Waits until the current URL contains ``expected``.</doc>
<status status="PASS" start="2026-02-17T21:32:34.549709" elapsed="0.007914"/>
</kw>
<status status="PASS" start="2026-02-17T21:32:33.149449" elapsed="1.408385"/>
</kw>
<kw name="Open Monitor Page">
<kw name="Go To" owner="SeleniumLibrary">
<msg time="2026-02-17T21:32:34.558809" level="INFO">Opening url 'http://localhost:3003/admin/monitor'</msg>
<arg>${BASE_URL}admin/monitor</arg>
<doc>Navigates the current browser window to the provided ``url``.</doc>
<status status="PASS" start="2026-02-17T21:32:34.558598" elapsed="0.113913"/>
</kw>
<kw name="Wait Until Location Contains" owner="SeleniumLibrary">
<arg>/admin/monitor</arg>
<arg>10s</arg>
<doc>Waits until the current URL contains ``expected``.</doc>
<status status="PASS" start="2026-02-17T21:32:34.672901" elapsed="0.054459"/>
</kw>
<status status="PASS" start="2026-02-17T21:32:34.558256" elapsed="0.169341"/>
</kw>
<kw name="Verify AuditLog Columns">
<kw name="Page Should Contain Element" owner="SeleniumLibrary">
<msg time="2026-02-17T21:32:34.782908" level="INFO">Current page contains element 'xpath=//th[contains(.,'Time')]'.</msg>
<arg>xpath=//th[contains(.,'Time')]</arg>
<doc>Verifies that element ``locator`` is found on the current page.</doc>
<status status="PASS" start="2026-02-17T21:32:34.729290" elapsed="0.053899"/>
</kw>
<kw name="Page Should Contain Element" owner="SeleniumLibrary">
<msg time="2026-02-17T21:32:34.800858" level="INFO">Current page contains element 'xpath=//th[contains(.,'User')]'.</msg>
<arg>xpath=//th[contains(.,'User')]</arg>
<doc>Verifies that element ``locator`` is found on the current page.</doc>
<status status="PASS" start="2026-02-17T21:32:34.783765" elapsed="0.017180"/>
</kw>
<kw name="Page Should Contain Element" owner="SeleniumLibrary">
<msg time="2026-02-17T21:32:34.823502" level="INFO">Current page contains element 'xpath=//th[contains(.,'Action')]'.</msg>
<arg>xpath=//th[contains(.,'Action')]</arg>
<doc>Verifies that element ``locator`` is found on the current page.</doc>
<status status="PASS" start="2026-02-17T21:32:34.801091" elapsed="0.022589"/>
</kw>
<kw name="Page Should Contain Element" owner="SeleniumLibrary">
<msg time="2026-02-17T21:32:34.836592" level="INFO">Current page contains element 'xpath=//th[contains(.,'Target')]'.</msg>
<arg>xpath=//th[contains(.,'Target')]</arg>
<doc>Verifies that element ``locator`` is found on the current page.</doc>
<status status="PASS" start="2026-02-17T21:32:34.823920" elapsed="0.012778"/>
</kw>
<status status="PASS" start="2026-02-17T21:32:34.728497" elapsed="0.108301"/>
</kw>
<kw name="Close Browser" owner="SeleniumLibrary" type="TEARDOWN">
<doc>Closes the current browser.</doc>
<status status="PASS" start="2026-02-17T21:32:34.837270" elapsed="2.841600"/>
</kw>
<status status="PASS" start="2026-02-17T21:32:30.344907" elapsed="7.334205"/>
</test>
<test id="s1-t7" name="UAT-PNN-001-STEP-007 Verify AuditLog Data Exists" line="335">
<kw name="Open Chrome">
<kw name="Evaluate" owner="BuiltIn">
<msg time="2026-02-17T21:32:37.680946" level="INFO">${opts} = &lt;selenium.webdriver.chrome.options.Options object at 0x000001B74FE45150&gt;</msg>
<var>${opts}</var>
<arg>sys.modules['selenium.webdriver'].ChromeOptions()</arg>
<arg>sys</arg>
<doc>Evaluates the given expression in Python and returns the result.</doc>
<status status="PASS" start="2026-02-17T21:32:37.680681" elapsed="0.000300"/>
</kw>
<kw name="Evaluate" owner="BuiltIn">
<arg>setattr($opts, "binary_location", r"""${CHROME_BROWSER_PATH}""")</arg>
<doc>Evaluates the given expression in Python and returns the result.</doc>
<status status="PASS" start="2026-02-17T21:32:37.681092" elapsed="0.000294"/>
</kw>
<kw name="Call Method" owner="BuiltIn">
<arg>${opts}</arg>
<arg>add_argument</arg>
<arg>--start-maximized</arg>
<doc>Calls the named method of the given object with the provided arguments.</doc>
<status status="PASS" start="2026-02-17T21:32:37.681525" elapsed="0.000172"/>
</kw>
<kw name="Call Method" owner="BuiltIn">
<arg>${opts}</arg>
<arg>add_argument</arg>
<arg>--disable-notifications</arg>
<doc>Calls the named method of the given object with the provided arguments.</doc>
<status status="PASS" start="2026-02-17T21:32:37.681860" elapsed="0.000167"/>
</kw>
<kw name="Evaluate" owner="BuiltIn">
<msg time="2026-02-17T21:32:37.682745" level="INFO">${svc} = &lt;selenium.webdriver.chrome.service.Service object at 0x000001B74FE45480&gt;</msg>
<var>${svc}</var>
<arg>sys.modules["selenium.webdriver.chrome.service"].Service(executable_path=r"${CHROME_DRIVER_PATH}")</arg>
<doc>Evaluates the given expression in Python and returns the result.</doc>
<status status="PASS" start="2026-02-17T21:32:37.682170" elapsed="0.000619"/>
</kw>
<kw name="Create Webdriver" owner="SeleniumLibrary">
<msg time="2026-02-17T21:32:37.683188" level="INFO">Creating an instance of the Chrome WebDriver.</msg>
<arg>Chrome</arg>
<arg>options=${opts}</arg>
<arg>service=${svc}</arg>
<doc>Creates an instance of Selenium WebDriver.</doc>
<status status="PASS" start="2026-02-17T21:32:37.682937" elapsed="1.431181"/>
</kw>
<kw name="Set Selenium Speed" owner="SeleniumLibrary">
<arg>0</arg>
<doc>Sets the delay that is waited after each Selenium command.</doc>
<status status="PASS" start="2026-02-17T21:32:39.114593" elapsed="0.001201"/>
</kw>
<status status="PASS" start="2026-02-17T21:32:37.680365" elapsed="1.435629"/>
</kw>
<kw name="Go To Login Page">
<kw name="Go To" owner="SeleniumLibrary">
<msg time="2026-02-17T21:32:39.122386" level="INFO">Opening url 'http://localhost:3003/'</msg>
<arg>${BASE_URL}</arg>
<doc>Navigates the current browser window to the provided ``url``.</doc>
<status status="PASS" start="2026-02-17T21:32:39.121776" elapsed="1.329489"/>
</kw>
<kw name="Wait Until Element Is Visible" owner="SeleniumLibrary">
<arg>xpath=//a[@href='/login']</arg>
<arg>10s</arg>
<doc>Waits until the element ``locator`` is visible.</doc>
<status status="PASS" start="2026-02-17T21:32:40.451488" elapsed="0.021924"/>
</kw>
<kw name="Click Element" owner="SeleniumLibrary">
<msg time="2026-02-17T21:32:40.473784" level="INFO">Clicking element 'xpath=//a[@href='/login']'.</msg>
<arg>xpath=//a[@href='/login']</arg>
<doc>Click the element identified by ``locator``.</doc>
<status status="PASS" start="2026-02-17T21:32:40.473604" elapsed="0.124043"/>
</kw>
<kw name="Wait Until Element Is Visible" owner="SeleniumLibrary">
<arg>id=loginForm</arg>
<arg>10s</arg>
<doc>Waits until the element ``locator`` is visible.</doc>
<status status="PASS" start="2026-02-17T21:32:40.598089" elapsed="0.027400"/>
</kw>
<status status="PASS" start="2026-02-17T21:32:39.118823" elapsed="1.506815"/>
</kw>
<kw name="Login As Admin And Go Dashboard">
<kw name="Wait Until Element Is Visible" owner="SeleniumLibrary">
<arg>id=identifier</arg>
<arg>10s</arg>
<doc>Waits until the element ``locator`` is visible.</doc>
<status status="PASS" start="2026-02-17T21:32:40.626272" elapsed="0.041014"/>
</kw>
<kw name="Input Text" owner="SeleniumLibrary">
<msg time="2026-02-17T21:32:40.667669" level="INFO">Typing text 'admin123' into text field 'id=identifier'.</msg>
<arg>id=identifier</arg>
<arg>${ADMIN_USER}</arg>
<doc>Types the given ``text`` into the text field identified by ``locator``.</doc>
<status status="PASS" start="2026-02-17T21:32:40.667438" elapsed="0.129842"/>
</kw>
<kw name="Input Password" owner="SeleniumLibrary">
<msg time="2026-02-17T21:32:40.798437" level="INFO">Typing password into text field 'id=password'.</msg>
<msg time="2026-02-17T21:32:40.831491" level="INFO">Temporally setting log level to: NONE</msg>
<arg>id=password</arg>
<arg>${ADMIN_PASS}</arg>
<doc>Types the given password into the text field identified by ``locator``.</doc>
<status status="PASS" start="2026-02-17T21:32:40.797898" elapsed="0.073876"/>
</kw>
<kw name="Click Button" owner="SeleniumLibrary">
<msg time="2026-02-17T21:32:40.872150" level="INFO">Clicking button 'xpath=//form[@id='loginForm']//button[@type='submit']'.</msg>
<arg>xpath=//form[@id='loginForm']//button[@type='submit']</arg>
<doc>Clicks the button identified by ``locator``.</doc>
<status status="PASS" start="2026-02-17T21:32:40.871970" elapsed="0.099265"/>
</kw>
<kw name="Wait Until Element Is Visible" owner="SeleniumLibrary">
<arg>xpath=//div[contains(@class,'dropdown-trigger')]</arg>
<arg>15s</arg>
<doc>Waits until the element ``locator`` is visible.</doc>
<status status="PASS" start="2026-02-17T21:32:40.971837" elapsed="0.239691"/>
</kw>
<kw name="Go To" owner="SeleniumLibrary">
<msg time="2026-02-17T21:32:41.211849" level="INFO">Opening url 'http://localhost:3003/admin/users'</msg>
<arg>${BASE_URL}admin/users</arg>
<doc>Navigates the current browser window to the provided ``url``.</doc>
<status status="PASS" start="2026-02-17T21:32:41.211686" elapsed="0.632874"/>
</kw>
<kw name="Wait Until Location Contains" owner="SeleniumLibrary">
<arg>/admin/users</arg>
<arg>10s</arg>
<doc>Waits until the current URL contains ``expected``.</doc>
<status status="PASS" start="2026-02-17T21:32:41.844724" elapsed="0.018692"/>
</kw>
<status status="PASS" start="2026-02-17T21:32:40.626017" elapsed="1.237560"/>
</kw>
<kw name="Open Monitor Page">
<kw name="Go To" owner="SeleniumLibrary">
<msg time="2026-02-17T21:32:41.865152" level="INFO">Opening url 'http://localhost:3003/admin/monitor'</msg>
<arg>${BASE_URL}admin/monitor</arg>
<doc>Navigates the current browser window to the provided ``url``.</doc>
<status status="PASS" start="2026-02-17T21:32:41.864809" elapsed="0.109741"/>
</kw>
<kw name="Wait Until Location Contains" owner="SeleniumLibrary">
<arg>/admin/monitor</arg>
<arg>10s</arg>
<doc>Waits until the current URL contains ``expected``.</doc>
<status status="PASS" start="2026-02-17T21:32:41.974800" elapsed="0.023046"/>
</kw>
<status status="PASS" start="2026-02-17T21:32:41.864112" elapsed="0.134256"/>
</kw>
<kw name="Verify AuditLog Has At Least 1 Row">
<kw name="Wait Until Element Is Visible" owner="SeleniumLibrary">
<arg>xpath=//table//tbody/tr</arg>
<arg>10s</arg>
<doc>Waits until the element ``locator`` is visible.</doc>
<status status="PASS" start="2026-02-17T21:32:42.000165" elapsed="0.075958"/>
</kw>
<kw name="Page Should Contain Element" owner="SeleniumLibrary">
<msg time="2026-02-17T21:32:42.089206" level="INFO">Current page contains element 'xpath=//table//tbody/tr[1]'.</msg>
<arg>xpath=//table//tbody/tr[1]</arg>
<doc>Verifies that element ``locator`` is found on the current page.</doc>
<status status="PASS" start="2026-02-17T21:32:42.076349" elapsed="0.012994"/>
</kw>
<status status="PASS" start="2026-02-17T21:32:41.999699" elapsed="0.089761"/>
</kw>
<kw name="Close Browser" owner="SeleniumLibrary" type="TEARDOWN">
<doc>Closes the current browser.</doc>
<status status="PASS" start="2026-02-17T21:32:42.089862" elapsed="3.153475"/>
</kw>
<status status="PASS" start="2026-02-17T21:32:37.679810" elapsed="7.563940"/>
</test>
<test id="s1-t8" name="UAT-PNN-001 Admin View Audit Log" line="343">
<kw name="Open Chrome">
<kw name="Evaluate" owner="BuiltIn">
<msg time="2026-02-17T21:32:45.245257" level="INFO">${opts} = &lt;selenium.webdriver.chrome.options.Options object at 0x000001B74FE45BF0&gt;</msg>
<var>${opts}</var>
<arg>sys.modules['selenium.webdriver'].ChromeOptions()</arg>
<arg>sys</arg>
<doc>Evaluates the given expression in Python and returns the result.</doc>
<status status="PASS" start="2026-02-17T21:32:45.245025" elapsed="0.000263"/>
</kw>
<kw name="Evaluate" owner="BuiltIn">
<arg>setattr($opts, "binary_location", r"""${CHROME_BROWSER_PATH}""")</arg>
<doc>Evaluates the given expression in Python and returns the result.</doc>
<status status="PASS" start="2026-02-17T21:32:45.245388" elapsed="0.000211"/>
</kw>
<kw name="Call Method" owner="BuiltIn">
<arg>${opts}</arg>
<arg>add_argument</arg>
<arg>--start-maximized</arg>
<doc>Calls the named method of the given object with the provided arguments.</doc>
<status status="PASS" start="2026-02-17T21:32:45.245689" elapsed="0.000116"/>
</kw>
<kw name="Call Method" owner="BuiltIn">
<arg>${opts}</arg>
<arg>add_argument</arg>
<arg>--disable-notifications</arg>
<doc>Calls the named method of the given object with the provided arguments.</doc>
<status status="PASS" start="2026-02-17T21:32:45.245893" elapsed="0.000109"/>
</kw>
<kw name="Evaluate" owner="BuiltIn">
<msg time="2026-02-17T21:32:45.246507" level="INFO">${svc} = &lt;selenium.webdriver.chrome.service.Service object at 0x000001B74FE44AF0&gt;</msg>
<var>${svc}</var>
<arg>sys.modules["selenium.webdriver.chrome.service"].Service(executable_path=r"${CHROME_DRIVER_PATH}")</arg>
<doc>Evaluates the given expression in Python and returns the result.</doc>
<status status="PASS" start="2026-02-17T21:32:45.246093" elapsed="0.000443"/>
</kw>
<kw name="Create Webdriver" owner="SeleniumLibrary">
<msg time="2026-02-17T21:32:45.246804" level="INFO">Creating an instance of the Chrome WebDriver.</msg>
<arg>Chrome</arg>
<arg>options=${opts}</arg>
<arg>service=${svc}</arg>
<doc>Creates an instance of Selenium WebDriver.</doc>
<status status="PASS" start="2026-02-17T21:32:45.246635" elapsed="1.412088"/>
</kw>
<kw name="Set Selenium Speed" owner="SeleniumLibrary">
<arg>0</arg>
<doc>Sets the delay that is waited after each Selenium command.</doc>
<status status="PASS" start="2026-02-17T21:32:46.659087" elapsed="0.000372"/>
</kw>
<status status="PASS" start="2026-02-17T21:32:45.244798" elapsed="1.414789"/>
</kw>
<kw name="Go To Login Page">
<kw name="Go To" owner="SeleniumLibrary">
<msg time="2026-02-17T21:32:46.663823" level="INFO">Opening url 'http://localhost:3003/'</msg>
<arg>${BASE_URL}</arg>
<doc>Navigates the current browser window to the provided ``url``.</doc>
<status status="PASS" start="2026-02-17T21:32:46.663118" elapsed="1.028415"/>
</kw>
<kw name="Wait Until Element Is Visible" owner="SeleniumLibrary">
<arg>xpath=//a[@href='/login']</arg>
<arg>10s</arg>
<doc>Waits until the element ``locator`` is visible.</doc>
<status status="PASS" start="2026-02-17T21:32:47.691685" elapsed="0.023298"/>
</kw>
<kw name="Click Element" owner="SeleniumLibrary">
<msg time="2026-02-17T21:32:47.715451" level="INFO">Clicking element 'xpath=//a[@href='/login']'.</msg>
<arg>xpath=//a[@href='/login']</arg>
<doc>Click the element identified by ``locator``.</doc>
<status status="PASS" start="2026-02-17T21:32:47.715204" elapsed="0.079117"/>
</kw>
<kw name="Wait Until Element Is Visible" owner="SeleniumLibrary">
<arg>id=loginForm</arg>
<arg>10s</arg>
<doc>Waits until the element ``locator`` is visible.</doc>
<status status="PASS" start="2026-02-17T21:32:47.794568" elapsed="0.043428"/>
</kw>
<status status="PASS" start="2026-02-17T21:32:46.662070" elapsed="1.176033"/>
</kw>
<kw name="Login As Admin And Go Dashboard">
<kw name="Wait Until Element Is Visible" owner="SeleniumLibrary">
<arg>id=identifier</arg>
<arg>10s</arg>
<doc>Waits until the element ``locator`` is visible.</doc>
<status status="PASS" start="2026-02-17T21:32:47.839379" elapsed="0.025839"/>
</kw>
<kw name="Input Text" owner="SeleniumLibrary">
<msg time="2026-02-17T21:32:47.866302" level="INFO">Typing text 'admin123' into text field 'id=identifier'.</msg>
<arg>id=identifier</arg>
<arg>${ADMIN_USER}</arg>
<doc>Types the given ``text`` into the text field identified by ``locator``.</doc>
<status status="PASS" start="2026-02-17T21:32:47.865713" elapsed="0.168861"/>
</kw>
<kw name="Input Password" owner="SeleniumLibrary">
<msg time="2026-02-17T21:32:48.035270" level="INFO">Typing password into text field 'id=password'.</msg>
<msg time="2026-02-17T21:32:48.089841" level="INFO">Temporally setting log level to: NONE</msg>
<arg>id=password</arg>
<arg>${ADMIN_PASS}</arg>
<doc>Types the given password into the text field identified by ``locator``.</doc>
<status status="PASS" start="2026-02-17T21:32:48.034843" elapsed="0.176624"/>
</kw>
<kw name="Click Button" owner="SeleniumLibrary">
<msg time="2026-02-17T21:32:48.213170" level="INFO">Clicking button 'xpath=//form[@id='loginForm']//button[@type='submit']'.</msg>
<arg>xpath=//form[@id='loginForm']//button[@type='submit']</arg>
<doc>Clicks the button identified by ``locator``.</doc>
<status status="PASS" start="2026-02-17T21:32:48.212332" elapsed="0.103802"/>
</kw>
<kw name="Wait Until Element Is Visible" owner="SeleniumLibrary">
<arg>xpath=//div[contains(@class,'dropdown-trigger')]</arg>
<arg>15s</arg>
<doc>Waits until the element ``locator`` is visible.</doc>
<status status="PASS" start="2026-02-17T21:32:48.316356" elapsed="0.229494"/>
</kw>
<kw name="Go To" owner="SeleniumLibrary">
<msg time="2026-02-17T21:32:48.546183" level="INFO">Opening url 'http://localhost:3003/admin/users'</msg>
<arg>${BASE_URL}admin/users</arg>
<doc>Navigates the current browser window to the provided ``url``.</doc>
<status status="PASS" start="2026-02-17T21:32:48.546022" elapsed="0.357580"/>
</kw>
<kw name="Wait Until Location Contains" owner="SeleniumLibrary">
<arg>/admin/users</arg>
<arg>10s</arg>
<doc>Waits until the current URL contains ``expected``.</doc>
<status status="PASS" start="2026-02-17T21:32:48.903827" elapsed="0.005151"/>
</kw>
<status status="PASS" start="2026-02-17T21:32:47.838570" elapsed="1.070522"/>
</kw>
<kw name="Open Monitor Page">
<kw name="Go To" owner="SeleniumLibrary">
<msg time="2026-02-17T21:32:48.909855" level="INFO">Opening url 'http://localhost:3003/admin/monitor'</msg>
<arg>${BASE_URL}admin/monitor</arg>
<doc>Navigates the current browser window to the provided ``url``.</doc>
<status status="PASS" start="2026-02-17T21:32:48.909667" elapsed="0.087397"/>
</kw>
<kw name="Wait Until Location Contains" owner="SeleniumLibrary">
<arg>/admin/monitor</arg>
<arg>10s</arg>
<doc>Waits until the current URL contains ``expected``.</doc>
<status status="PASS" start="2026-02-17T21:32:48.997358" elapsed="0.013706"/>
</kw>
<status status="PASS" start="2026-02-17T21:32:48.909374" elapsed="0.101925"/>
</kw>
<kw name="Verify AuditLog">
<kw name="Wait Until Element Is Visible" owner="SeleniumLibrary">
<arg>xpath=//h2[contains(.,'AuditLog')]</arg>
<arg>10s</arg>
<doc>Waits until the element ``locator`` is visible.</doc>
<status status="PASS" start="2026-02-17T21:32:49.012328" elapsed="0.041770"/>
</kw>
<kw name="Page Should Contain Element" owner="SeleniumLibrary">
<msg time="2026-02-17T21:32:49.065222" level="INFO">Current page contains element 'xpath=//table'.</msg>
<arg>xpath=//table</arg>
<doc>Verifies that element ``locator`` is found on the current page.</doc>
<status status="PASS" start="2026-02-17T21:32:49.054266" elapsed="0.011046"/>
</kw>
<kw name="Page Should Contain Element" owner="SeleniumLibrary">
<msg time="2026-02-17T21:32:49.075710" level="INFO">Current page contains element 'xpath=//th[contains(.,'Time')]'.</msg>
<arg>xpath=//th[contains(.,'Time')]</arg>
<doc>Verifies that element ``locator`` is found on the current page.</doc>
<status status="PASS" start="2026-02-17T21:32:49.065460" elapsed="0.010375"/>
</kw>
<kw name="Page Should Contain Element" owner="SeleniumLibrary">
<msg time="2026-02-17T21:32:49.102964" level="INFO">Current page contains element 'xpath=//th[contains(.,'User')]'.</msg>
<arg>xpath=//th[contains(.,'User')]</arg>
<doc>Verifies that element ``locator`` is found on the current page.</doc>
<status status="PASS" start="2026-02-17T21:32:49.076056" elapsed="0.027046"/>
</kw>
<kw name="Page Should Contain Element" owner="SeleniumLibrary">
<msg time="2026-02-17T21:32:49.117507" level="INFO">Current page contains element 'xpath=//th[contains(.,'Action')]'.</msg>
<arg>xpath=//th[contains(.,'Action')]</arg>
<doc>Verifies that element ``locator`` is found on the current page.</doc>
<status status="PASS" start="2026-02-17T21:32:49.103329" elapsed="0.014330"/>
</kw>
<kw name="Page Should Contain Element" owner="SeleniumLibrary">
<msg time="2026-02-17T21:32:49.132492" level="INFO">Current page contains element 'xpath=//th[contains(.,'Target')]'.</msg>
<arg>xpath=//th[contains(.,'Target')]</arg>
<doc>Verifies that element ``locator`` is found on the current page.</doc>
<status status="PASS" start="2026-02-17T21:32:49.117930" elapsed="0.014709"/>
</kw>
<status status="PASS" start="2026-02-17T21:32:49.011889" elapsed="0.120915"/>
</kw>
<kw name="Verify AuditLog Has At Least 1 Row">
<kw name="Wait Until Element Is Visible" owner="SeleniumLibrary">
<arg>xpath=//table//tbody/tr</arg>
<arg>10s</arg>
<doc>Waits until the element ``locator`` is visible.</doc>
<status status="PASS" start="2026-02-17T21:32:49.133521" elapsed="0.042603"/>
</kw>
<kw name="Page Should Contain Element" owner="SeleniumLibrary">
<msg time="2026-02-17T21:32:49.216131" level="INFO">Current page contains element 'xpath=//table//tbody/tr[1]'.</msg>
<arg>xpath=//table//tbody/tr[1]</arg>
<doc>Verifies that element ``locator`` is found on the current page.</doc>
<status status="PASS" start="2026-02-17T21:32:49.176472" elapsed="0.040006"/>
</kw>
<status status="PASS" start="2026-02-17T21:32:49.133205" elapsed="0.083628"/>
</kw>
<kw name="Close Browser" owner="SeleniumLibrary" type="TEARDOWN">
<doc>Closes the current browser.</doc>
<status status="PASS" start="2026-02-17T21:32:49.218042" elapsed="3.102371"/>
</kw>
<status status="PASS" start="2026-02-17T21:32:45.244389" elapsed="7.076396"/>
</test>
<test id="s1-t9" name="UAT-PNN-002-STEP-001 Open Home Page" line="355">
<kw name="Open Chrome">
<kw name="Evaluate" owner="BuiltIn">
<msg time="2026-02-17T21:32:52.322826" level="INFO">${opts} = &lt;selenium.webdriver.chrome.options.Options object at 0x000001B74FE2E650&gt;</msg>
<var>${opts}</var>
<arg>sys.modules['selenium.webdriver'].ChromeOptions()</arg>
<arg>sys</arg>
<doc>Evaluates the given expression in Python and returns the result.</doc>
<status status="PASS" start="2026-02-17T21:32:52.322603" elapsed="0.000251"/>
</kw>
<kw name="Evaluate" owner="BuiltIn">
<arg>setattr($opts, "binary_location", r"""${CHROME_BROWSER_PATH}""")</arg>
<doc>Evaluates the given expression in Python and returns the result.</doc>
<status status="PASS" start="2026-02-17T21:32:52.322989" elapsed="0.000200"/>
</kw>
<kw name="Call Method" owner="BuiltIn">
<arg>${opts}</arg>
<arg>add_argument</arg>
<arg>--start-maximized</arg>
<doc>Calls the named method of the given object with the provided arguments.</doc>
<status status="PASS" start="2026-02-17T21:32:52.323274" elapsed="0.000103"/>
</kw>
<kw name="Call Method" owner="BuiltIn">
<arg>${opts}</arg>
<arg>add_argument</arg>
<arg>--disable-notifications</arg>
<doc>Calls the named method of the given object with the provided arguments.</doc>
<status status="PASS" start="2026-02-17T21:32:52.323456" elapsed="0.000097"/>
</kw>
<kw name="Evaluate" owner="BuiltIn">
<msg time="2026-02-17T21:32:52.324054" level="INFO">${svc} = &lt;selenium.webdriver.chrome.service.Service object at 0x000001B74FE2EA50&gt;</msg>
<var>${svc}</var>
<arg>sys.modules["selenium.webdriver.chrome.service"].Service(executable_path=r"${CHROME_DRIVER_PATH}")</arg>
<doc>Evaluates the given expression in Python and returns the result.</doc>
<status status="PASS" start="2026-02-17T21:32:52.323637" elapsed="0.000444"/>
</kw>
<kw name="Create Webdriver" owner="SeleniumLibrary">
<msg time="2026-02-17T21:32:52.324398" level="INFO">Creating an instance of the Chrome WebDriver.</msg>
<arg>Chrome</arg>
<arg>options=${opts}</arg>
<arg>service=${svc}</arg>
<doc>Creates an instance of Selenium WebDriver.</doc>
<status status="PASS" start="2026-02-17T21:32:52.324226" elapsed="1.476638"/>
</kw>
<kw name="Set Selenium Speed" owner="SeleniumLibrary">
<arg>0</arg>
<doc>Sets the delay that is waited after each Selenium command.</doc>
<status status="PASS" start="2026-02-17T21:32:53.801314" elapsed="0.001877"/>
</kw>
<status status="PASS" start="2026-02-17T21:32:52.322336" elapsed="1.481220"/>
</kw>
<kw name="Go To" owner="SeleniumLibrary">
<msg time="2026-02-17T21:32:53.810591" level="INFO">Opening url 'http://localhost:3003/'</msg>
<arg>${BASE_URL}</arg>
<doc>Navigates the current browser window to the provided ``url``.</doc>
<status status="PASS" start="2026-02-17T21:32:53.809697" elapsed="1.207092"/>
</kw>
<kw name="Verify Home Page">
<kw name="Location Should Be" owner="SeleniumLibrary">
<msg time="2026-02-17T21:32:55.024646" level="INFO">Current location is 'http://localhost:3003/'.</msg>
<arg>${BASE_URL}</arg>
<doc>Verifies that the current URL is exactly ``url``.</doc>
<status status="PASS" start="2026-02-17T21:32:55.017603" elapsed="0.007195"/>
</kw>
<kw name="Page Should Contain Element" owner="SeleniumLibrary">
<msg time="2026-02-17T21:32:55.035545" level="INFO">Current page contains element 'xpath=//a[@href='/login']'.</msg>
<arg>xpath=//a[@href='/login']</arg>
<doc>Verifies that element ``locator`` is found on the current page.</doc>
<status status="PASS" start="2026-02-17T21:32:55.025120" elapsed="0.010555"/>
</kw>
<status status="PASS" start="2026-02-17T21:32:55.017331" elapsed="0.018457"/>
</kw>
<kw name="Close Browser" owner="SeleniumLibrary" type="TEARDOWN">
<doc>Closes the current browser.</doc>
<status status="PASS" start="2026-02-17T21:32:55.036104" elapsed="2.611208"/>
</kw>
<status status="PASS" start="2026-02-17T21:32:52.321792" elapsed="5.326003"/>
</test>
<test id="s1-t10" name="UAT-PNN-002-STEP-002 Click Login And See Login Form" line="360">
<kw name="Open Chrome">
<kw name="Evaluate" owner="BuiltIn">
<msg time="2026-02-17T21:32:57.649702" level="INFO">${opts} = &lt;selenium.webdriver.chrome.options.Options object at 0x000001B74FE2E850&gt;</msg>
<var>${opts}</var>
<arg>sys.modules['selenium.webdriver'].ChromeOptions()</arg>
<arg>sys</arg>
<doc>Evaluates the given expression in Python and returns the result.</doc>
<status status="PASS" start="2026-02-17T21:32:57.649480" elapsed="0.000268"/>
</kw>
<kw name="Evaluate" owner="BuiltIn">
<arg>setattr($opts, "binary_location", r"""${CHROME_BROWSER_PATH}""")</arg>
<doc>Evaluates the given expression in Python and returns the result.</doc>
<status status="PASS" start="2026-02-17T21:32:57.649848" elapsed="0.000256"/>
</kw>
<kw name="Call Method" owner="BuiltIn">
<arg>${opts}</arg>
<arg>add_argument</arg>
<arg>--start-maximized</arg>
<doc>Calls the named method of the given object with the provided arguments.</doc>
<status status="PASS" start="2026-02-17T21:32:57.650209" elapsed="0.000109"/>
</kw>
<kw name="Call Method" owner="BuiltIn">
<arg>${opts}</arg>
<arg>add_argument</arg>
<arg>--disable-notifications</arg>
<doc>Calls the named method of the given object with the provided arguments.</doc>
<status status="PASS" start="2026-02-17T21:32:57.650402" elapsed="0.000103"/>
</kw>
<kw name="Evaluate" owner="BuiltIn">
<msg time="2026-02-17T21:32:57.651079" level="INFO">${svc} = &lt;selenium.webdriver.chrome.service.Service object at 0x000001B74FE2E950&gt;</msg>
<var>${svc}</var>
<arg>sys.modules["selenium.webdriver.chrome.service"].Service(executable_path=r"${CHROME_DRIVER_PATH}")</arg>
<doc>Evaluates the given expression in Python and returns the result.</doc>
<status status="PASS" start="2026-02-17T21:32:57.650589" elapsed="0.000518"/>
</kw>
<kw name="Create Webdriver" owner="SeleniumLibrary">
<msg time="2026-02-17T21:32:57.651372" level="INFO">Creating an instance of the Chrome WebDriver.</msg>
<arg>Chrome</arg>
<arg>options=${opts}</arg>
<arg>service=${svc}</arg>
<doc>Creates an instance of Selenium WebDriver.</doc>
<status status="PASS" start="2026-02-17T21:32:57.651197" elapsed="1.407802"/>
</kw>
<kw name="Set Selenium Speed" owner="SeleniumLibrary">
<arg>0</arg>
<doc>Sets the delay that is waited after each Selenium command.</doc>
<status status="PASS" start="2026-02-17T21:32:59.059375" elapsed="0.000388"/>
</kw>
<status status="PASS" start="2026-02-17T21:32:57.649274" elapsed="1.410665"/>
</kw>
<kw name="Go To" owner="SeleniumLibrary">
<msg time="2026-02-17T21:32:59.061246" level="INFO">Opening url 'http://localhost:3003/'</msg>
<arg>${BASE_URL}</arg>
<doc>Navigates the current browser window to the provided ``url``.</doc>
<status status="PASS" start="2026-02-17T21:32:59.060559" elapsed="1.104197"/>
</kw>
<kw name="Click Element" owner="SeleniumLibrary">
<msg time="2026-02-17T21:33:00.167936" level="INFO">Clicking element 'xpath=//a[@href='/login']'.</msg>
<arg>xpath=//a[@href='/login']</arg>
<doc>Click the element identified by ``locator``.</doc>
<status status="PASS" start="2026-02-17T21:33:00.167177" elapsed="0.111564"/>
</kw>
<kw name="Wait Until Element Is Visible" owner="SeleniumLibrary">
<arg>id=loginForm</arg>
<arg>10s</arg>
<doc>Waits until the element ``locator`` is visible.</doc>
<status status="PASS" start="2026-02-17T21:33:00.279141" elapsed="0.246833"/>
</kw>
<kw name="Verify Login Page And Form">
<kw name="Location Should Contain" owner="SeleniumLibrary">
<msg time="2026-02-17T21:33:00.532342" level="INFO">Current location contains '/login'.</msg>
<arg>/login</arg>
<doc>Verifies that the current URL contains ``expected``.</doc>
<status status="PASS" start="2026-02-17T21:33:00.527110" elapsed="0.005391"/>
</kw>
<kw name="Page Should Contain Element" owner="SeleniumLibrary">
<msg time="2026-02-17T21:33:00.553369" level="INFO">Current page contains element 'id=loginForm'.</msg>
<arg>id=loginForm</arg>
<doc>Verifies that element ``locator`` is found on the current page.</doc>
<status status="PASS" start="2026-02-17T21:33:00.532805" elapsed="0.020929"/>
</kw>
<kw name="Page Should Contain Element" owner="SeleniumLibrary">
<msg time="2026-02-17T21:33:00.593823" level="INFO">Current page contains element 'id=identifier'.</msg>
<arg>id=identifier</arg>
<doc>Verifies that element ``locator`` is found on the current page.</doc>
<status status="PASS" start="2026-02-17T21:33:00.554567" elapsed="0.039491"/>
</kw>
<kw name="Page Should Contain Element" owner="SeleniumLibrary">
<msg time="2026-02-17T21:33:00.605515" level="INFO">Current page contains element 'id=password'.</msg>
<arg>id=password</arg>
<doc>Verifies that element ``locator`` is found on the current page.</doc>
<status status="PASS" start="2026-02-17T21:33:00.594327" elapsed="0.011360"/>
</kw>
<status status="PASS" start="2026-02-17T21:33:00.526531" elapsed="0.079290"/>
</kw>
<kw name="Close Browser" owner="SeleniumLibrary" type="TEARDOWN">
<doc>Closes the current browser.</doc>
<status status="PASS" start="2026-02-17T21:33:00.606214" elapsed="2.555093"/>
</kw>
<status status="PASS" start="2026-02-17T21:32:57.648738" elapsed="5.512833"/>
</test>
<test id="s1-t11" name="UAT-PNN-002-STEP-003 Admin Login And Go Dashboard" line="367">
<kw name="Open Chrome">
<kw name="Evaluate" owner="BuiltIn">
<msg time="2026-02-17T21:33:03.163071" level="INFO">${opts} = &lt;selenium.webdriver.chrome.options.Options object at 0x000001B74FD0BB60&gt;</msg>
<var>${opts}</var>
<arg>sys.modules['selenium.webdriver'].ChromeOptions()</arg>
<arg>sys</arg>
<doc>Evaluates the given expression in Python and returns the result.</doc>
<status status="PASS" start="2026-02-17T21:33:03.162842" elapsed="0.000258"/>
</kw>
<kw name="Evaluate" owner="BuiltIn">
<arg>setattr($opts, "binary_location", r"""${CHROME_BROWSER_PATH}""")</arg>
<doc>Evaluates the given expression in Python and returns the result.</doc>
<status status="PASS" start="2026-02-17T21:33:03.163199" elapsed="0.000211"/>
</kw>
<kw name="Call Method" owner="BuiltIn">
<arg>${opts}</arg>
<arg>add_argument</arg>
<arg>--start-maximized</arg>
<doc>Calls the named method of the given object with the provided arguments.</doc>
<status status="PASS" start="2026-02-17T21:33:03.163497" elapsed="0.000113"/>
</kw>
<kw name="Call Method" owner="BuiltIn">
<arg>${opts}</arg>
<arg>add_argument</arg>
<arg>--disable-notifications</arg>
<doc>Calls the named method of the given object with the provided arguments.</doc>
<status status="PASS" start="2026-02-17T21:33:03.163703" elapsed="0.000107"/>
</kw>
<kw name="Evaluate" owner="BuiltIn">
<msg time="2026-02-17T21:33:03.164370" level="INFO">${svc} = &lt;selenium.webdriver.chrome.service.Service object at 0x000001B74FD0B110&gt;</msg>
<var>${svc}</var>
<arg>sys.modules["selenium.webdriver.chrome.service"].Service(executable_path=r"${CHROME_DRIVER_PATH}")</arg>
<doc>Evaluates the given expression in Python and returns the result.</doc>
<status status="PASS" start="2026-02-17T21:33:03.163901" elapsed="0.000497"/>
</kw>
<kw name="Create Webdriver" owner="SeleniumLibrary">
<msg time="2026-02-17T21:33:03.164687" level="INFO">Creating an instance of the Chrome WebDriver.</msg>
<arg>Chrome</arg>
<arg>options=${opts}</arg>
<arg>service=${svc}</arg>
<doc>Creates an instance of Selenium WebDriver.</doc>
<status status="PASS" start="2026-02-17T21:33:03.164492" elapsed="1.412870"/>
</kw>
<kw name="Set Selenium Speed" owner="SeleniumLibrary">
<arg>0</arg>
<doc>Sets the delay that is waited after each Selenium command.</doc>
<status status="PASS" start="2026-02-17T21:33:04.577879" elapsed="0.000542"/>
</kw>
<status status="PASS" start="2026-02-17T21:33:03.162628" elapsed="1.416030"/>
</kw>
<kw name="Go To Login Page">
<kw name="Go To" owner="SeleniumLibrary">
<msg time="2026-02-17T21:33:04.580425" level="INFO">Opening url 'http://localhost:3003/'</msg>
<arg>${BASE_URL}</arg>
<doc>Navigates the current browser window to the provided ``url``.</doc>
<status status="PASS" start="2026-02-17T21:33:04.580154" elapsed="1.268945"/>
</kw>
<kw name="Wait Until Element Is Visible" owner="SeleniumLibrary">
<arg>xpath=//a[@href='/login']</arg>
<arg>10s</arg>
<doc>Waits until the element ``locator`` is visible.</doc>
<status status="PASS" start="2026-02-17T21:33:05.849471" elapsed="0.027041"/>
</kw>
<kw name="Click Element" owner="SeleniumLibrary">
<msg time="2026-02-17T21:33:05.877445" level="INFO">Clicking element 'xpath=//a[@href='/login']'.</msg>
<arg>xpath=//a[@href='/login']</arg>
<doc>Click the element identified by ``locator``.</doc>
<status status="PASS" start="2026-02-17T21:33:05.876938" elapsed="0.113946"/>
</kw>
<kw name="Wait Until Element Is Visible" owner="SeleniumLibrary">
<arg>id=loginForm</arg>
<arg>10s</arg>
<doc>Waits until the element ``locator`` is visible.</doc>
<status status="PASS" start="2026-02-17T21:33:05.991062" elapsed="0.023116"/>
</kw>
<status status="PASS" start="2026-02-17T21:33:04.579560" elapsed="1.434857"/>
</kw>
<kw name="Login As Admin And Go Dashboard">
<kw name="Wait Until Element Is Visible" owner="SeleniumLibrary">
<arg>id=identifier</arg>
<arg>10s</arg>
<doc>Waits until the element ``locator`` is visible.</doc>
<status status="PASS" start="2026-02-17T21:33:06.015544" elapsed="0.040741"/>
</kw>
<kw name="Input Text" owner="SeleniumLibrary">
<msg time="2026-02-17T21:33:06.057544" level="INFO">Typing text 'admin123' into text field 'id=identifier'.</msg>
<arg>id=identifier</arg>
<arg>${ADMIN_USER}</arg>
<doc>Types the given ``text`` into the text field identified by ``locator``.</doc>
<status status="PASS" start="2026-02-17T21:33:06.056809" elapsed="0.131137"/>
</kw>
<kw name="Input Password" owner="SeleniumLibrary">
<msg time="2026-02-17T21:33:06.188500" level="INFO">Typing password into text field 'id=password'.</msg>
<msg time="2026-02-17T21:33:06.221585" level="INFO">Temporally setting log level to: NONE</msg>
<arg>id=password</arg>
<arg>${ADMIN_PASS}</arg>
<doc>Types the given password into the text field identified by ``locator``.</doc>
<status status="PASS" start="2026-02-17T21:33:06.188175" elapsed="0.077278"/>
</kw>
<kw name="Click Button" owner="SeleniumLibrary">
<msg time="2026-02-17T21:33:06.265894" level="INFO">Clicking button 'xpath=//form[@id='loginForm']//button[@type='submit']'.</msg>
<arg>xpath=//form[@id='loginForm']//button[@type='submit']</arg>
<doc>Clicks the button identified by ``locator``.</doc>
<status status="PASS" start="2026-02-17T21:33:06.265677" elapsed="0.072185"/>
</kw>
<kw name="Wait Until Element Is Visible" owner="SeleniumLibrary">
<arg>xpath=//div[contains(@class,'dropdown-trigger')]</arg>
<arg>15s</arg>
<doc>Waits until the element ``locator`` is visible.</doc>
<status status="PASS" start="2026-02-17T21:33:06.338020" elapsed="0.227105"/>
</kw>
<kw name="Go To" owner="SeleniumLibrary">
<msg time="2026-02-17T21:33:06.565420" level="INFO">Opening url 'http://localhost:3003/admin/users'</msg>
<arg>${BASE_URL}admin/users</arg>
<doc>Navigates the current browser window to the provided ``url``.</doc>
<status status="PASS" start="2026-02-17T21:33:06.565271" elapsed="1.534664"/>
</kw>
<kw name="Wait Until Location Contains" owner="SeleniumLibrary">
<arg>/admin/users</arg>
<arg>10s</arg>
<doc>Waits until the current URL contains ``expected``.</doc>
<status status="PASS" start="2026-02-17T21:33:08.100132" elapsed="0.015359"/>
</kw>
<status status="PASS" start="2026-02-17T21:33:06.014957" elapsed="2.100746"/>
</kw>
<kw name="Verify Admin Logged In And On Dashboard">
<kw name="Location Should Contain" owner="SeleniumLibrary">
<msg time="2026-02-17T21:33:08.121823" level="INFO">Current location contains '/admin/users'.</msg>
<arg>/admin/users</arg>
<doc>Verifies that the current URL contains ``expected``.</doc>
<status status="PASS" start="2026-02-17T21:33:08.116648" elapsed="0.005264"/>
</kw>
<kw name="Page Should Contain Element" owner="SeleniumLibrary">
<msg time="2026-02-17T21:33:08.136653" level="INFO">Current page contains element 'xpath=//a[@href='/admin/monitor']'.</msg>
<arg>xpath=//a[@href='/admin/monitor']</arg>
<doc>Verifies that element ``locator`` is found on the current page.</doc>
<status status="PASS" start="2026-02-17T21:33:08.122056" elapsed="0.014748"/>
</kw>
<kw name="Page Should Contain Element" owner="SeleniumLibrary">
<msg time="2026-02-17T21:33:08.148741" level="INFO">Current page contains element 'xpath=//a[@href='/admin/users']'.</msg>
<arg>xpath=//a[@href='/admin/users']</arg>
<doc>Verifies that element ``locator`` is found on the current page.</doc>
<status status="PASS" start="2026-02-17T21:33:08.137153" elapsed="0.011677"/>
</kw>
<status status="PASS" start="2026-02-17T21:33:08.116215" elapsed="0.032715"/>
</kw>
<kw name="Close Browser" owner="SeleniumLibrary" type="TEARDOWN">
<doc>Closes the current browser.</doc>
<status status="PASS" start="2026-02-17T21:33:08.149280" elapsed="2.685032"/>
</kw>
<status status="PASS" start="2026-02-17T21:33:03.162208" elapsed="7.672723"/>
</test>
<test id="s1-t12" name="UAT-PNN-002-STEP-004 Open Monitor And See Tabs" line="373">
<kw name="Open Chrome">
<kw name="Evaluate" owner="BuiltIn">
<msg time="2026-02-17T21:33:10.836736" level="INFO">${opts} = &lt;selenium.webdriver.chrome.options.Options object at 0x000001B74FD0B200&gt;</msg>
<var>${opts}</var>
<arg>sys.modules['selenium.webdriver'].ChromeOptions()</arg>
<arg>sys</arg>
<doc>Evaluates the given expression in Python and returns the result.</doc>
<status status="PASS" start="2026-02-17T21:33:10.836496" elapsed="0.000273"/>
</kw>
<kw name="Evaluate" owner="BuiltIn">
<arg>setattr($opts, "binary_location", r"""${CHROME_BROWSER_PATH}""")</arg>
<doc>Evaluates the given expression in Python and returns the result.</doc>
<status status="PASS" start="2026-02-17T21:33:10.836858" elapsed="0.000197"/>
</kw>
<kw name="Call Method" owner="BuiltIn">
<arg>${opts}</arg>
<arg>add_argument</arg>
<arg>--start-maximized</arg>
<doc>Calls the named method of the given object with the provided arguments.</doc>
<status status="PASS" start="2026-02-17T21:33:10.837137" elapsed="0.000104"/>
</kw>
<kw name="Call Method" owner="BuiltIn">
<arg>${opts}</arg>
<arg>add_argument</arg>
<arg>--disable-notifications</arg>
<doc>Calls the named method of the given object with the provided arguments.</doc>
<status status="PASS" start="2026-02-17T21:33:10.837319" elapsed="0.000104"/>
</kw>
<kw name="Evaluate" owner="BuiltIn">
<msg time="2026-02-17T21:33:10.838051" level="INFO">${svc} = &lt;selenium.webdriver.chrome.service.Service object at 0x000001B74FD0BC50&gt;</msg>
<var>${svc}</var>
[...]
<arg>เปิดใช้งานบัญชีสำเร็จ</arg>
<arg>10s</arg>
<doc>Waits until ``text`` appears on the current page.</doc>
<status status="PASS" start="2026-02-17T21:36:39.459002" elapsed="0.075803"/>
</kw>
<kw name="Page Should Contain" owner="SeleniumLibrary">
<msg time="2026-02-17T21:36:39.611378" level="INFO">Current page contains text 'เปิดใช้งานบัญชีสำเร็จ'.</msg>
<arg>เปิดใช้งานบัญชีสำเร็จ</arg>
<doc>Verifies that current page contains ``text``.</doc>
<status status="PASS" start="2026-02-17T21:36:39.535358" elapsed="0.076480"/>
</kw>
<status status="PASS" start="2026-02-17T21:36:38.299378" elapsed="1.312790"/>
</kw>
<kw name="Verify User Is Active">
<kw name="Wait Until Page Contains" owner="SeleniumLibrary">
<arg>Active</arg>
<arg>10s</arg>
<doc>Waits until ``text`` appears on the current page.</doc>
<status status="PASS" start="2026-02-17T21:36:39.613535" elapsed="0.021378"/>
</kw>
<kw name="Page Should Contain" owner="SeleniumLibrary">
<msg time="2026-02-17T21:36:39.652976" level="INFO">Current page contains text 'Active'.</msg>
<arg>Active</arg>
<doc>Verifies that current page contains ``text``.</doc>
<status status="PASS" start="2026-02-17T21:36:39.635390" elapsed="0.017908"/>
</kw>
<status status="PASS" start="2026-02-17T21:36:39.613012" elapsed="0.040534"/>
</kw>
<kw name="Close Browser" owner="SeleniumLibrary" type="TEARDOWN">
<doc>Closes the current browser.</doc>
<status status="PASS" start="2026-02-17T21:36:39.654303" elapsed="2.510278"/>
</kw>
<status status="PASS" start="2026-02-17T21:36:27.096858" elapsed="15.068044"/>
</test>
<test id="s1-t40" name="UAT-PNN-005-STEP-007 Verify User Can Be Seen As Active On Users Page" line="584">
<kw name="Open Chrome">
<kw name="Evaluate" owner="BuiltIn">
<msg time="2026-02-17T21:36:42.166438" level="INFO">${opts} = &lt;selenium.webdriver.chrome.options.Options object at 0x000001B7512AF5F0&gt;</msg>
<var>${opts}</var>
<arg>sys.modules['selenium.webdriver'].ChromeOptions()</arg>
<arg>sys</arg>
<doc>Evaluates the given expression in Python and returns the result.</doc>
<status status="PASS" start="2026-02-17T21:36:42.166236" elapsed="0.000230"/>
</kw>
<kw name="Evaluate" owner="BuiltIn">
<arg>setattr($opts, "binary_location", r"""${CHROME_BROWSER_PATH}""")</arg>
<doc>Evaluates the given expression in Python and returns the result.</doc>
<status status="PASS" start="2026-02-17T21:36:42.166556" elapsed="0.000189"/>
</kw>
<kw name="Call Method" owner="BuiltIn">
<arg>${opts}</arg>
<arg>add_argument</arg>
<arg>--start-maximized</arg>
<doc>Calls the named method of the given object with the provided arguments.</doc>
<status status="PASS" start="2026-02-17T21:36:42.166830" elapsed="0.000106"/>
</kw>
<kw name="Call Method" owner="BuiltIn">
<arg>${opts}</arg>
<arg>add_argument</arg>
<arg>--disable-notifications</arg>
<doc>Calls the named method of the given object with the provided arguments.</doc>
<status status="PASS" start="2026-02-17T21:36:42.167018" elapsed="0.000101"/>
</kw>
<kw name="Evaluate" owner="BuiltIn">
<msg time="2026-02-17T21:36:42.167558" level="INFO">${svc} = &lt;selenium.webdriver.chrome.service.Service object at 0x000001B7512789B0&gt;</msg>
<var>${svc}</var>
<arg>sys.modules["selenium.webdriver.chrome.service"].Service(executable_path=r"${CHROME_DRIVER_PATH}")</arg>
<doc>Evaluates the given expression in Python and returns the result.</doc>
<status status="PASS" start="2026-02-17T21:36:42.167204" elapsed="0.000381"/>
</kw>
<kw name="Create Webdriver" owner="SeleniumLibrary">
<msg time="2026-02-17T21:36:42.167841" level="INFO">Creating an instance of the Chrome WebDriver.</msg>
<arg>Chrome</arg>
<arg>options=${opts}</arg>
<arg>service=${svc}</arg>
<doc>Creates an instance of Selenium WebDriver.</doc>
<status status="PASS" start="2026-02-17T21:36:42.167686" elapsed="1.287474"/>
</kw>
<kw name="Set Selenium Speed" owner="SeleniumLibrary">
<arg>0</arg>
<doc>Sets the delay that is waited after each Selenium command.</doc>
<status status="PASS" start="2026-02-17T21:36:43.455516" elapsed="0.000591"/>
</kw>
<status status="PASS" start="2026-02-17T21:36:42.166045" elapsed="1.290226"/>
</kw>
<kw name="Go To Login Page">
<kw name="Go To" owner="SeleniumLibrary">
<msg time="2026-02-17T21:36:43.458218" level="INFO">Opening url 'http://localhost:3003/'</msg>
<arg>${BASE_URL}</arg>
<doc>Navigates the current browser window to the provided ``url``.</doc>
<status status="PASS" start="2026-02-17T21:36:43.457772" elapsed="2.617359"/>
</kw>
<kw name="Wait Until Element Is Visible" owner="SeleniumLibrary">
<arg>xpath=//a[@href='/login']</arg>
<arg>10s</arg>
<doc>Waits until the element ``locator`` is visible.</doc>
<status status="PASS" start="2026-02-17T21:36:46.075435" elapsed="0.028138"/>
</kw>
<kw name="Click Element" owner="SeleniumLibrary">
<msg time="2026-02-17T21:36:46.104390" level="INFO">Clicking element 'xpath=//a[@href='/login']'.</msg>
<arg>xpath=//a[@href='/login']</arg>
<doc>Click the element identified by ``locator``.</doc>
<status status="PASS" start="2026-02-17T21:36:46.103953" elapsed="0.099340"/>
</kw>
<kw name="Wait Until Element Is Visible" owner="SeleniumLibrary">
<arg>id=loginForm</arg>
<arg>10s</arg>
<doc>Waits until the element ``locator`` is visible.</doc>
<status status="PASS" start="2026-02-17T21:36:46.203790" elapsed="0.020862"/>
</kw>
<status status="PASS" start="2026-02-17T21:36:43.457011" elapsed="2.767763"/>
</kw>
<kw name="Login As Admin And Go Dashboard">
<kw name="Wait Until Element Is Visible" owner="SeleniumLibrary">
<arg>id=identifier</arg>
<arg>10s</arg>
<doc>Waits until the element ``locator`` is visible.</doc>
<status status="PASS" start="2026-02-17T21:36:46.225838" elapsed="0.027061"/>
</kw>
<kw name="Input Text" owner="SeleniumLibrary">
<msg time="2026-02-17T21:36:46.254425" level="INFO">Typing text 'admin123' into text field 'id=identifier'.</msg>
<arg>id=identifier</arg>
<arg>${ADMIN_USER}</arg>
<doc>Types the given ``text`` into the text field identified by ``locator``.</doc>
<status status="PASS" start="2026-02-17T21:36:46.253206" elapsed="0.143725"/>
</kw>
<kw name="Input Password" owner="SeleniumLibrary">
<msg time="2026-02-17T21:36:46.397593" level="INFO">Typing password into text field 'id=password'.</msg>
<msg time="2026-02-17T21:36:46.433416" level="INFO">Temporally setting log level to: NONE</msg>
<arg>id=password</arg>
<arg>${ADMIN_PASS}</arg>
<doc>Types the given password into the text field identified by ``locator``.</doc>
<status status="PASS" start="2026-02-17T21:36:46.397154" elapsed="0.082996"/>
</kw>
<kw name="Click Button" owner="SeleniumLibrary">
<msg time="2026-02-17T21:36:46.480788" level="INFO">Clicking button 'xpath=//form[@id='loginForm']//button[@type='submit']'.</msg>
<arg>xpath=//form[@id='loginForm']//button[@type='submit']</arg>
<doc>Clicks the button identified by ``locator``.</doc>
<status status="PASS" start="2026-02-17T21:36:46.480375" elapsed="0.077289"/>
</kw>
<kw name="Wait Until Element Is Visible" owner="SeleniumLibrary">
<arg>xpath=//div[contains(@class,'dropdown-trigger')]</arg>
<arg>15s</arg>
<doc>Waits until the element ``locator`` is visible.</doc>
<status status="PASS" start="2026-02-17T21:36:46.557847" elapsed="0.229452"/>
</kw>
<kw name="Go To" owner="SeleniumLibrary">
<msg time="2026-02-17T21:36:46.787692" level="INFO">Opening url 'http://localhost:3003/admin/users'</msg>
<arg>${BASE_URL}admin/users</arg>
<doc>Navigates the current browser window to the provided ``url``.</doc>
<status status="PASS" start="2026-02-17T21:36:46.787523" elapsed="4.324955"/>
</kw>
<kw name="Wait Until Location Contains" owner="SeleniumLibrary">
<arg>/admin/users</arg>
<arg>10s</arg>
<doc>Waits until the current URL contains ``expected``.</doc>
<status status="PASS" start="2026-02-17T21:36:51.112620" elapsed="0.011515"/>
</kw>
<status status="PASS" start="2026-02-17T21:36:46.225224" elapsed="4.899018"/>
</kw>
<kw name="Open User Management Page">
<kw name="Go To" owner="SeleniumLibrary">
<msg time="2026-02-17T21:36:51.125476" level="INFO">Opening url 'http://localhost:3003/admin/users'</msg>
<arg>${BASE_URL}admin/users</arg>
<doc>Navigates the current browser window to the provided ``url``.</doc>
<status status="PASS" start="2026-02-17T21:36:51.125074" elapsed="0.108896"/>
</kw>
<kw name="Wait Until Location Contains" owner="SeleniumLibrary">
<arg>/admin/users</arg>
<arg>10s</arg>
<doc>Waits until the current URL contains ``expected``.</doc>
<status status="PASS" start="2026-02-17T21:36:51.234322" elapsed="0.016087"/>
</kw>
<kw name="Wait Until Element Is Visible" owner="SeleniumLibrary">
<arg>xpath=//table</arg>
<arg>10s</arg>
<doc>Waits until the element ``locator`` is visible.</doc>
<status status="PASS" start="2026-02-17T21:36:51.251033" elapsed="0.072073"/>
</kw>
<status status="PASS" start="2026-02-17T21:36:51.124582" elapsed="0.198719"/>
</kw>
<kw name="Verify User Is Active">
<kw name="Wait Until Page Contains" owner="SeleniumLibrary">
<arg>Active</arg>
<arg>10s</arg>
<doc>Waits until ``text`` appears on the current page.</doc>
<status status="PASS" start="2026-02-17T21:36:51.324294" elapsed="0.015190"/>
</kw>
<kw name="Page Should Contain" owner="SeleniumLibrary">
<msg time="2026-02-17T21:36:51.355037" level="INFO">Current page contains text 'Active'.</msg>
<arg>Active</arg>
<doc>Verifies that current page contains ``text``.</doc>
<status status="PASS" start="2026-02-17T21:36:51.339739" elapsed="0.015384"/>
</kw>
<status status="PASS" start="2026-02-17T21:36:51.323804" elapsed="0.031410"/>
</kw>
<kw name="Close Browser" owner="SeleniumLibrary" type="TEARDOWN">
<doc>Closes the current browser.</doc>
<status status="PASS" start="2026-02-17T21:36:51.355761" elapsed="2.821704"/>
</kw>
<status status="PASS" start="2026-02-17T21:36:42.165569" elapsed="12.012320"/>
</test>
<test id="s1-t41" name="UAT-PNN-005 Admin Unban User (Toggle Active)" line="592">
<kw name="Open Chrome">
<kw name="Evaluate" owner="BuiltIn">
<msg time="2026-02-17T21:36:54.179799" level="INFO">${opts} = &lt;selenium.webdriver.chrome.options.Options object at 0x000001B74FE171D0&gt;</msg>
<var>${opts}</var>
<arg>sys.modules['selenium.webdriver'].ChromeOptions()</arg>
<arg>sys</arg>
<doc>Evaluates the given expression in Python and returns the result.</doc>
<status status="PASS" start="2026-02-17T21:36:54.179525" elapsed="0.000329"/>
</kw>
<kw name="Evaluate" owner="BuiltIn">
<arg>setattr($opts, "binary_location", r"""${CHROME_BROWSER_PATH}""")</arg>
<doc>Evaluates the given expression in Python and returns the result.</doc>
<status status="PASS" start="2026-02-17T21:36:54.179968" elapsed="0.000194"/>
</kw>
<kw name="Call Method" owner="BuiltIn">
<arg>${opts}</arg>
<arg>add_argument</arg>
<arg>--start-maximized</arg>
<doc>Calls the named method of the given object with the provided arguments.</doc>
<status status="PASS" start="2026-02-17T21:36:54.180246" elapsed="0.000109"/>
</kw>
<kw name="Call Method" owner="BuiltIn">
<arg>${opts}</arg>
<arg>add_argument</arg>
<arg>--disable-notifications</arg>
<doc>Calls the named method of the given object with the provided arguments.</doc>
<status status="PASS" start="2026-02-17T21:36:54.180436" elapsed="0.000101"/>
</kw>
<kw name="Evaluate" owner="BuiltIn">
<msg time="2026-02-17T21:36:54.181140" level="INFO">${svc} = &lt;selenium.webdriver.chrome.service.Service object at 0x000001B75120ED50&gt;</msg>
<var>${svc}</var>
<arg>sys.modules["selenium.webdriver.chrome.service"].Service(executable_path=r"${CHROME_DRIVER_PATH}")</arg>
<doc>Evaluates the given expression in Python and returns the result.</doc>
<status status="PASS" start="2026-02-17T21:36:54.180642" elapsed="0.000526"/>
</kw>
<kw name="Create Webdriver" owner="SeleniumLibrary">
<msg time="2026-02-17T21:36:54.181456" level="INFO">Creating an instance of the Chrome WebDriver.</msg>
<arg>Chrome</arg>
<arg>options=${opts}</arg>
<arg>service=${svc}</arg>
<doc>Creates an instance of Selenium WebDriver.</doc>
<status status="PASS" start="2026-02-17T21:36:54.181295" elapsed="1.407708"/>
</kw>
<kw name="Set Selenium Speed" owner="SeleniumLibrary">
<arg>0</arg>
<doc>Sets the delay that is waited after each Selenium command.</doc>
<status status="PASS" start="2026-02-17T21:36:55.589532" elapsed="0.000707"/>
</kw>
<status status="PASS" start="2026-02-17T21:36:54.179291" elapsed="1.411199"/>
</kw>
<kw name="Go To Login Page">
<kw name="Go To" owner="SeleniumLibrary">
<msg time="2026-02-17T21:36:55.592555" level="INFO">Opening url 'http://localhost:3003/'</msg>
<arg>${BASE_URL}</arg>
<doc>Navigates the current browser window to the provided ``url``.</doc>
<status status="PASS" start="2026-02-17T21:36:55.592099" elapsed="4.533108"/>
</kw>
<kw name="Wait Until Element Is Visible" owner="SeleniumLibrary">
<arg>xpath=//a[@href='/login']</arg>
<arg>10s</arg>
<doc>Waits until the element ``locator`` is visible.</doc>
<status status="PASS" start="2026-02-17T21:37:00.125434" elapsed="0.028360"/>
</kw>
<kw name="Click Element" owner="SeleniumLibrary">
<msg time="2026-02-17T21:37:00.154769" level="INFO">Clicking element 'xpath=//a[@href='/login']'.</msg>
<arg>xpath=//a[@href='/login']</arg>
<doc>Click the element identified by ``locator``.</doc>
<status status="PASS" start="2026-02-17T21:37:00.154477" elapsed="0.116271"/>
</kw>
<kw name="Wait Until Element Is Visible" owner="SeleniumLibrary">
<arg>id=loginForm</arg>
<arg>10s</arg>
<doc>Waits until the element ``locator`` is visible.</doc>
<status status="PASS" start="2026-02-17T21:37:00.271240" elapsed="0.033001"/>
</kw>
<status status="PASS" start="2026-02-17T21:36:55.591159" elapsed="4.713195"/>
</kw>
<kw name="Login As Admin And Go Dashboard">
<kw name="Wait Until Element Is Visible" owner="SeleniumLibrary">
<arg>id=identifier</arg>
<arg>10s</arg>
<doc>Waits until the element ``locator`` is visible.</doc>
<status status="PASS" start="2026-02-17T21:37:00.305152" elapsed="0.046658"/>
</kw>
<kw name="Input Text" owner="SeleniumLibrary">
<msg time="2026-02-17T21:37:00.353310" level="INFO">Typing text 'admin123' into text field 'id=identifier'.</msg>
<arg>id=identifier</arg>
<arg>${ADMIN_USER}</arg>
<doc>Types the given ``text`` into the text field identified by ``locator``.</doc>
<status status="PASS" start="2026-02-17T21:37:00.352268" elapsed="0.129913"/>
</kw>
<kw name="Input Password" owner="SeleniumLibrary">
<msg time="2026-02-17T21:37:00.482918" level="INFO">Typing password into text field 'id=password'.</msg>
<msg time="2026-02-17T21:37:00.514179" level="INFO">Temporally setting log level to: NONE</msg>
<arg>id=password</arg>
<arg>${ADMIN_PASS}</arg>
<doc>Types the given password into the text field identified by ``locator``.</doc>
<status status="PASS" start="2026-02-17T21:37:00.482470" elapsed="0.071908"/>
</kw>
<kw name="Click Button" owner="SeleniumLibrary">
<msg time="2026-02-17T21:37:00.554703" level="INFO">Clicking button 'xpath=//form[@id='loginForm']//button[@type='submit']'.</msg>
<arg>xpath=//form[@id='loginForm']//button[@type='submit']</arg>
<doc>Clicks the button identified by ``locator``.</doc>
<status status="PASS" start="2026-02-17T21:37:00.554531" elapsed="0.072302"/>
</kw>
<kw name="Wait Until Element Is Visible" owner="SeleniumLibrary">
<arg>xpath=//div[contains(@class,'dropdown-trigger')]</arg>
<arg>15s</arg>
<doc>Waits until the element ``locator`` is visible.</doc>
<status status="PASS" start="2026-02-17T21:37:00.627074" elapsed="0.233843"/>
</kw>
<kw name="Go To" owner="SeleniumLibrary">
<msg time="2026-02-17T21:37:00.861232" level="INFO">Opening url 'http://localhost:3003/admin/users'</msg>
<arg>${BASE_URL}admin/users</arg>
<doc>Navigates the current browser window to the provided ``url``.</doc>
<status status="PASS" start="2026-02-17T21:37:00.861069" elapsed="1.600970"/>
</kw>
<kw name="Wait Until Location Contains" owner="SeleniumLibrary">
<arg>/admin/users</arg>
<arg>10s</arg>
<doc>Waits until the current URL contains ``expected``.</doc>
<status status="PASS" start="2026-02-17T21:37:02.462224" elapsed="0.010448"/>
</kw>
<status status="PASS" start="2026-02-17T21:37:00.304781" elapsed="2.168913"/>
</kw>
<kw name="Open User Management Page">
<kw name="Go To" owner="SeleniumLibrary">
<msg time="2026-02-17T21:37:02.475486" level="INFO">Opening url 'http://localhost:3003/admin/users'</msg>
<arg>${BASE_URL}admin/users</arg>
<doc>Navigates the current browser window to the provided ``url``.</doc>
<status status="PASS" start="2026-02-17T21:37:02.475248" elapsed="0.119638"/>
</kw>
<kw name="Wait Until Location Contains" owner="SeleniumLibrary">
<arg>/admin/users</arg>
<arg>10s</arg>
<doc>Waits until the current URL contains ``expected``.</doc>
<status status="PASS" start="2026-02-17T21:37:02.595918" elapsed="0.015879"/>
</kw>
<kw name="Wait Until Element Is Visible" owner="SeleniumLibrary">
<arg>xpath=//table</arg>
<arg>10s</arg>
<doc>Waits until the element ``locator`` is visible.</doc>
<status status="PASS" start="2026-02-17T21:37:02.612104" elapsed="0.061839"/>
</kw>
<status status="PASS" start="2026-02-17T21:37:02.474744" elapsed="0.199367"/>
</kw>
<kw name="Unban User By Toggling Active Switch">
<kw name="Wait Until Element Is Visible" owner="SeleniumLibrary">
<arg>xpath=//table</arg>
<arg>10s</arg>
<doc>Waits until the element ``locator`` is visible.</doc>
<status status="PASS" start="2026-02-17T21:37:02.675131" elapsed="0.015324"/>
</kw>
<kw name="Wait Until Element Is Visible" owner="SeleniumLibrary">
<arg>xpath=(//tr[.//*[normalize-space()='Inactive']])[1]</arg>
<arg>10s</arg>
<doc>Waits until the element ``locator`` is visible.</doc>
<status status="PASS" start="2026-02-17T21:37:02.690826" elapsed="1.285368"/>
</kw>
<kw name="Click Element" owner="SeleniumLibrary">
<msg time="2026-02-17T21:37:03.976705" level="INFO">Clicking element 'xpath=(//tr[.//*[normalize-space()='Inactive']])[1]//label[contains(@class,'switch')]'.</msg>
<arg>xpath=(//tr[.//*[normalize-space()='Inactive']])[1]//label[contains(@class,'switch')]</arg>
<doc>Click the element identified by ``locator``.</doc>
<status status="PASS" start="2026-02-17T21:37:03.976391" elapsed="0.103127"/>
</kw>
<kw name="Wait Until Page Contains" owner="SeleniumLibrary">
<arg>เปิดใช้งานบัญชีสำเร็จ</arg>
<arg>10s</arg>
<doc>Waits until ``text`` appears on the current page.</doc>
<status status="PASS" start="2026-02-17T21:37:04.079693" elapsed="0.051161"/>
</kw>
<kw name="Page Should Contain" owner="SeleniumLibrary">
<msg time="2026-02-17T21:37:04.156884" level="INFO">Current page contains text 'เปิดใช้งานบัญชีสำเร็จ'.</msg>
<arg>เปิดใช้งานบัญชีสำเร็จ</arg>
<doc>Verifies that current page contains ``text``.</doc>
<status status="PASS" start="2026-02-17T21:37:04.131552" elapsed="0.025493"/>
</kw>
<status status="PASS" start="2026-02-17T21:37:02.674595" elapsed="1.482950"/>
</kw>
<kw name="Verify User Is Active">
<kw name="Wait Until Page Contains" owner="SeleniumLibrary">
<arg>Active</arg>
<arg>10s</arg>
<doc>Waits until ``text`` appears on the current page.</doc>
<status status="PASS" start="2026-02-17T21:37:04.159045" elapsed="0.027309"/>
</kw>
<kw name="Page Should Contain" owner="SeleniumLibrary">
<msg time="2026-02-17T21:37:04.203391" level="INFO">Current page contains text 'Active'.</msg>
<arg>Active</arg>
<doc>Verifies that current page contains ``text``.</doc>
<status status="PASS" start="2026-02-17T21:37:04.186565" elapsed="0.016911"/>
</kw>
<status status="PASS" start="2026-02-17T21:37:04.158438" elapsed="0.045132"/>
</kw>
<kw name="Close Browser" owner="SeleniumLibrary" type="TEARDOWN">
<doc>Closes the current browser.</doc>
<status status="PASS" start="2026-02-17T21:37:04.203918" elapsed="2.556024"/>
</kw>
<status status="PASS" start="2026-02-17T21:36:54.178733" elapsed="12.581474"/>
</test>
<status status="FAIL" start="2026-02-17T21:31:58.574668" elapsed="308.186433"/>
</suite>
<statistics>
<total>
<stat pass="40" fail="1" skip="0">All Tests</stat>
</total>
<tag>
</tag>
<suite>
<stat name="UAT" id="s1" pass="40" fail="1" skip="0">UAT</stat>
</suite>
</statistics>
<errors>
</errors>
</robot>
